2026-03-30 21:59:14 [INFO] === 茨城県 (8) のスクレイピング開始 ===
2026-03-30 21:59:14 [INFO] 前回の続き: ページ 78 から再開
2026-03-30 21:59:14 [INFO] ページ 78 を取得中: https://ev.gogo.gs/search?ac=8&page=78
2026-03-30 21:59:18 [INFO] 総ページ数: 77
2026-03-30 21:59:18 [WARNING] ページ 78 にスタンドが見つかりません。
2026-03-30 21:59:18 [ERROR] 茨城県 のデータが取得できません。レートリミットの可能性があります。1分待機して中断します。
2026-03-30 22:00:18 [INFO] === 栃木県 (9) のスクレイピング開始 ===
2026-03-30 22:00:18 [INFO] 前回の続き: ページ 2 から再開
2026-03-30 22:00:18 [INFO] ページ 2 を取得中: https://ev.gogo.gs/search?ac=9&page=2
2026-03-30 22:00:26 [INFO] 総ページ数: 77
2026-03-30 22:00:26 [INFO]   → 10 件のスタンドを保存 (累計: 10)
2026-03-30 22:00:26 [INFO] ページ 3 を取得中: https://ev.gogo.gs/search?ac=9&page=3
2026-03-30 22:00:35 [INFO]   → 10 件のスタンドを保存 (累計: 20)
2026-03-30 22:00:35 [INFO] ページ 4 を取得中: https://ev.gogo.gs/search?ac=9&page=4
2026-03-30 22:00:43 [INFO]   → 10 件のスタンドを保存 (累計: 30)
2026-03-30 22:00:43 [INFO] ページ 5 を取得中: https://ev.gogo.gs/search?ac=9&page=5
2026-03-30 22:00:52 [INFO]   → 10 件のスタンドを保存 (累計: 40)
2026-03-30 22:00:52 [INFO] ページ 6 を取得中: https://ev.gogo.gs/search?ac=9&page=6
2026-03-30 22:01:01 [INFO]   → 10 件のスタンドを保存 (累計: 50)
2026-03-30 22:01:01 [INFO] ページ 7 を取得中: https://ev.gogo.gs/search?ac=9&page=7
2026-03-30 22:01:10 [INFO]   → 10 件のスタンドを保存 (累計: 60)
2026-03-30 22:01:10 [INFO] ページ 8 を取得中: https://ev.gogo.gs/search?ac=9&page=8
2026-03-30 22:01:18 [INFO]   → 10 件のスタンドを保存 (累計: 70)
2026-03-30 22:01:18 [INFO] ページ 9 を取得中: https://ev.gogo.gs/search?ac=9&page=9
2026-03-30 22:01:28 [INFO]   → 10 件のスタンドを保存 (累計: 80)
2026-03-30 22:01:28 [INFO] ページ 10 を取得中: https://ev.gogo.gs/search?ac=9&page=10
2026-03-30 22:01:36 [INFO]   → 10 件のスタンドを保存 (累計: 90)
2026-03-30 22:01:36 [INFO] ページ 11 を取得中: https://ev.gogo.gs/search?ac=9&page=11
2026-03-30 22:01:45 [INFO]   → 10 件のスタンドを保存 (累計: 100)
2026-03-30 22:01:45 [INFO] ページ 12 を取得中: https://ev.gogo.gs/search?ac=9&page=12
2026-03-30 22:01:53 [INFO]   → 10 件のスタンドを保存 (累計: 110)
2026-03-30 22:01:53 [INFO] ページ 13 を取得中: https://ev.gogo.gs/search?ac=9&page=13
2026-03-30 22:02:02 [INFO]   → 10 件のスタンドを保存 (累計: 120)
2026-03-30 22:02:02 [INFO] ページ 14 を取得中: https://ev.gogo.gs/search?ac=9&page=14
2026-03-30 22:02:11 [INFO]   → 10 件のスタンドを保存 (累計: 130)
2026-03-30 22:02:11 [INFO] ページ 15 を取得中: https://ev.gogo.gs/search?ac=9&page=15
2026-03-30 22:02:19 [INFO]   → 10 件のスタンドを保存 (累計: 140)
2026-03-30 22:02:19 [INFO] ページ 16 を取得中: https://ev.gogo.gs/search?ac=9&page=16
2026-03-30 22:02:28 [INFO]   → 10 件のスタンドを保存 (累計: 150)
2026-03-30 22:02:28 [INFO] ページ 17 を取得中: https://ev.gogo.gs/search?ac=9&page=17
2026-03-30 22:02:37 [INFO]   → 10 件のスタンドを保存 (累計: 160)
2026-03-30 22:02:37 [INFO] ページ 18 を取得中: https://ev.gogo.gs/search?ac=9&page=18
2026-03-30 22:02:46 [INFO]   → 10 件のスタンドを保存 (累計: 170)
2026-03-30 22:02:46 [INFO] ページ 19 を取得中: https://ev.gogo.gs/search?ac=9&page=19
2026-03-30 22:02:55 [INFO]   → 10 件のスタンドを保存 (累計: 180)
2026-03-30 22:02:55 [INFO] ページ 20 を取得中: https://ev.gogo.gs/search?ac=9&page=20
2026-03-30 22:03:03 [INFO]   → 10 件のスタンドを保存 (累計: 190)
2026-03-30 22:03:03 [INFO] ページ 21 を取得中: https://ev.gogo.gs/search?ac=9&page=21
2026-03-30 22:03:12 [INFO]   → 10 件のスタンドを保存 (累計: 200)
2026-03-30 22:03:12 [INFO] ページ 22 を取得中: https://ev.gogo.gs/search?ac=9&page=22
2026-03-30 22:03:20 [INFO]   → 10 件のスタンドを保存 (累計: 210)
2026-03-30 22:03:20 [INFO] ページ 23 を取得中: https://ev.gogo.gs/search?ac=9&page=23
2026-03-30 22:03:29 [INFO]   → 10 件のスタンドを保存 (累計: 220)
2026-03-30 22:03:29 [INFO] ページ 24 を取得中: https://ev.gogo.gs/search?ac=9&page=24
2026-03-30 22:03:37 [INFO]   → 10 件のスタンドを保存 (累計: 230)
2026-03-30 22:03:37 [INFO] ページ 25 を取得中: https://ev.gogo.gs/search?ac=9&page=25
2026-03-30 22:03:46 [INFO]   → 10 件のスタンドを保存 (累計: 240)
2026-03-30 22:03:46 [INFO] ページ 26 を取得中: https://ev.gogo.gs/search?ac=9&page=26
2026-03-30 22:03:54 [INFO]   → 10 件のスタンドを保存 (累計: 250)
2026-03-30 22:03:54 [INFO] ページ 27 を取得中: https://ev.gogo.gs/search?ac=9&page=27
2026-03-30 22:04:03 [INFO]   → 10 件のスタンドを保存 (累計: 260)
2026-03-30 22:04:03 [INFO] ページ 28 を取得中: https://ev.gogo.gs/search?ac=9&page=28
2026-03-30 22:04:11 [INFO]   → 10 件のスタンドを保存 (累計: 270)
2026-03-30 22:04:11 [INFO] ページ 29 を取得中: https://ev.gogo.gs/search?ac=9&page=29
2026-03-30 22:04:20 [INFO]   → 10 件のスタンドを保存 (累計: 280)
2026-03-30 22:04:20 [INFO] ページ 30 を取得中: https://ev.gogo.gs/search?ac=9&page=30
2026-03-30 22:04:29 [INFO]   → 10 件のスタンドを保存 (累計: 290)
2026-03-30 22:04:29 [INFO] ページ 31 を取得中: https://ev.gogo.gs/search?ac=9&page=31
2026-03-30 22:04:41 [INFO]   → 10 件のスタンドを保存 (累計: 300)
2026-03-30 22:04:41 [INFO] ページ 32 を取得中: https://ev.gogo.gs/search?ac=9&page=32
2026-03-30 22:04:49 [INFO]   → 10 件のスタンドを保存 (累計: 310)
2026-03-30 22:04:49 [INFO] ページ 33 を取得中: https://ev.gogo.gs/search?ac=9&page=33
2026-03-30 22:04:58 [INFO]   → 10 件のスタンドを保存 (累計: 320)
2026-03-30 22:04:58 [INFO] ページ 34 を取得中: https://ev.gogo.gs/search?ac=9&page=34
2026-03-30 22:05:07 [INFO]   → 10 件のスタンドを保存 (累計: 330)
2026-03-30 22:05:07 [INFO] ページ 35 を取得中: https://ev.gogo.gs/search?ac=9&page=35
2026-03-30 22:05:16 [INFO]   → 10 件のスタンドを保存 (累計: 340)
2026-03-30 22:05:16 [INFO] ページ 36 を取得中: https://ev.gogo.gs/search?ac=9&page=36
2026-03-30 22:05:24 [INFO]   → 10 件のスタンドを保存 (累計: 350)
2026-03-30 22:05:24 [INFO] ページ 37 を取得中: https://ev.gogo.gs/search?ac=9&page=37
2026-03-30 22:05:33 [INFO]   → 10 件のスタンドを保存 (累計: 360)
2026-03-30 22:05:33 [INFO] ページ 38 を取得中: https://ev.gogo.gs/search?ac=9&page=38
2026-03-30 22:05:42 [INFO]   → 10 件のスタンドを保存 (累計: 370)
2026-03-30 22:05:42 [INFO] ページ 39 を取得中: https://ev.gogo.gs/search?ac=9&page=39
2026-03-30 22:05:51 [INFO]   → 10 件のスタンドを保存 (累計: 380)
2026-03-30 22:05:51 [INFO] ページ 40 を取得中: https://ev.gogo.gs/search?ac=9&page=40
2026-03-30 22:06:00 [INFO]   → 10 件のスタンドを保存 (累計: 390)
2026-03-30 22:06:00 [INFO] ページ 41 を取得中: https://ev.gogo.gs/search?ac=9&page=41
2026-03-30 22:06:10 [INFO]   → 10 件のスタンドを保存 (累計: 400)
2026-03-30 22:06:10 [INFO] ページ 42 を取得中: https://ev.gogo.gs/search?ac=9&page=42
2026-03-30 22:06:19 [INFO]   → 10 件のスタンドを保存 (累計: 410)
2026-03-30 22:06:19 [INFO] ページ 43 を取得中: https://ev.gogo.gs/search?ac=9&page=43
2026-03-30 22:06:28 [INFO]   → 10 件のスタンドを保存 (累計: 420)
2026-03-30 22:06:28 [INFO] ページ 44 を取得中: https://ev.gogo.gs/search?ac=9&page=44
2026-03-30 22:06:36 [INFO]   → 10 件のスタンドを保存 (累計: 430)
2026-03-30 22:06:36 [INFO] ページ 45 を取得中: https://ev.gogo.gs/search?ac=9&page=45
2026-03-30 22:06:45 [INFO]   → 10 件のスタンドを保存 (累計: 440)
2026-03-30 22:06:45 [INFO] ページ 46 を取得中: https://ev.gogo.gs/search?ac=9&page=46
2026-03-30 22:06:53 [INFO]   → 10 件のスタンドを保存 (累計: 450)
2026-03-30 22:06:53 [INFO] ページ 47 を取得中: https://ev.gogo.gs/search?ac=9&page=47
2026-03-30 22:07:05 [INFO]   → 10 件のスタンドを保存 (累計: 460)
2026-03-30 22:07:05 [INFO] ページ 48 を取得中: https://ev.gogo.gs/search?ac=9&page=48
2026-03-30 22:07:13 [INFO]   → 10 件のスタンドを保存 (累計: 470)
2026-03-30 22:07:13 [INFO] ページ 49 を取得中: https://ev.gogo.gs/search?ac=9&page=49
2026-03-30 22:07:22 [INFO]   → 10 件のスタンドを保存 (累計: 480)
2026-03-30 22:07:22 [INFO] ページ 50 を取得中: https://ev.gogo.gs/search?ac=9&page=50
2026-03-30 22:07:31 [INFO]   → 10 件のスタンドを保存 (累計: 490)
2026-03-30 22:07:31 [INFO] ページ 51 を取得中: https://ev.gogo.gs/search?ac=9&page=51
2026-03-30 22:07:40 [INFO]   → 10 件のスタンドを保存 (累計: 500)
2026-03-30 22:07:40 [INFO] ページ 52 を取得中: https://ev.gogo.gs/search?ac=9&page=52
2026-03-30 22:07:48 [INFO]   → 10 件のスタンドを保存 (累計: 510)
2026-03-30 22:07:48 [INFO] ページ 53 を取得中: https://ev.gogo.gs/search?ac=9&page=53
2026-03-30 22:07:57 [INFO]   → 10 件のスタンドを保存 (累計: 520)
2026-03-30 22:07:57 [INFO] ページ 54 を取得中: https://ev.gogo.gs/search?ac=9&page=54
2026-03-30 22:08:05 [INFO]   → 10 件のスタンドを保存 (累計: 530)
2026-03-30 22:08:05 [INFO] ページ 55 を取得中: https://ev.gogo.gs/search?ac=9&page=55
2026-03-30 22:08:14 [INFO]   → 10 件のスタンドを保存 (累計: 540)
2026-03-30 22:08:14 [INFO] ページ 56 を取得中: https://ev.gogo.gs/search?ac=9&page=56
2026-03-30 22:08:22 [INFO]   → 10 件のスタンドを保存 (累計: 550)
2026-03-30 22:08:22 [INFO] ページ 57 を取得中: https://ev.gogo.gs/search?ac=9&page=57
2026-03-30 22:08:30 [INFO]   → 10 件のスタンドを保存 (累計: 560)
2026-03-30 22:08:30 [INFO] ページ 58 を取得中: https://ev.gogo.gs/search?ac=9&page=58
2026-03-30 22:08:39 [INFO]   → 10 件のスタンドを保存 (累計: 570)
2026-03-30 22:08:39 [INFO] ページ 59 を取得中: https://ev.gogo.gs/search?ac=9&page=59
2026-03-30 22:08:47 [INFO]   → 10 件のスタンドを保存 (累計: 580)
2026-03-30 22:08:47 [INFO] ページ 60 を取得中: https://ev.gogo.gs/search?ac=9&page=60
2026-03-30 22:08:56 [INFO]   → 10 件のスタンドを保存 (累計: 590)
2026-03-30 22:08:56 [INFO] ページ 61 を取得中: https://ev.gogo.gs/search?ac=9&page=61
2026-03-30 22:09:07 [INFO]   → 10 件のスタンドを保存 (累計: 600)
2026-03-30 22:09:07 [INFO] ページ 62 を取得中: https://ev.gogo.gs/search?ac=9&page=62
2026-03-30 22:09:16 [INFO]   → 10 件のスタンドを保存 (累計: 610)
2026-03-30 22:09:16 [INFO] ページ 63 を取得中: https://ev.gogo.gs/search?ac=9&page=63
2026-03-30 22:09:24 [INFO]   → 10 件のスタンドを保存 (累計: 620)
2026-03-30 22:09:24 [INFO] ページ 64 を取得中: https://ev.gogo.gs/search?ac=9&page=64
2026-03-30 22:09:33 [INFO]   → 10 件のスタンドを保存 (累計: 630)
2026-03-30 22:09:33 [INFO] ページ 65 を取得中: https://ev.gogo.gs/search?ac=9&page=65
2026-03-30 22:09:42 [INFO]   → 10 件のスタンドを保存 (累計: 640)
2026-03-30 22:09:42 [INFO] ページ 66 を取得中: https://ev.gogo.gs/search?ac=9&page=66
2026-03-30 22:09:51 [INFO]   → 10 件のスタンドを保存 (累計: 650)
2026-03-30 22:09:51 [INFO] ページ 67 を取得中: https://ev.gogo.gs/search?ac=9&page=67
2026-03-30 22:10:00 [INFO]   → 10 件のスタンドを保存 (累計: 660)
2026-03-30 22:10:00 [INFO] ページ 68 を取得中: https://ev.gogo.gs/search?ac=9&page=68
2026-03-30 22:10:08 [INFO]   → 10 件のスタンドを保存 (累計: 670)
2026-03-30 22:10:08 [INFO] ページ 69 を取得中: https://ev.gogo.gs/search?ac=9&page=69
2026-03-30 22:10:18 [INFO]   → 10 件のスタンドを保存 (累計: 680)
2026-03-30 22:10:18 [INFO] ページ 70 を取得中: https://ev.gogo.gs/search?ac=9&page=70
2026-03-30 22:10:26 [INFO]   → 10 件のスタンドを保存 (累計: 690)
2026-03-30 22:10:26 [INFO] ページ 71 を取得中: https://ev.gogo.gs/search?ac=9&page=71
2026-03-30 22:10:35 [INFO]   → 10 件のスタンドを保存 (累計: 700)
2026-03-30 22:10:35 [INFO] ページ 72 を取得中: https://ev.gogo.gs/search?ac=9&page=72
2026-03-30 22:10:43 [INFO]   → 10 件のスタンドを保存 (累計: 710)
2026-03-30 22:10:43 [INFO] ページ 73 を取得中: https://ev.gogo.gs/search?ac=9&page=73
2026-03-30 22:10:52 [INFO]   → 10 件のスタンドを保存 (累計: 720)
2026-03-30 22:10:52 [INFO] ページ 74 を取得中: https://ev.gogo.gs/search?ac=9&page=74
2026-03-30 22:11:00 [INFO]   → 10 件のスタンドを保存 (累計: 730)
2026-03-30 22:11:00 [INFO] ページ 75 を取得中: https://ev.gogo.gs/search?ac=9&page=75
2026-03-30 22:11:09 [INFO]   → 10 件のスタンドを保存 (累計: 740)
2026-03-30 22:11:09 [INFO] ページ 76 を取得中: https://ev.gogo.gs/search?ac=9&page=76
2026-03-30 22:11:17 [INFO]   → 10 件のスタンドを保存 (累計: 750)
2026-03-30 22:11:17 [INFO] ページ 77 を取得中: https://ev.gogo.gs/search?ac=9&page=77
2026-03-30 22:11:26 [INFO]   → 5 件のスタンドを保存 (累計: 755)
2026-03-30 22:11:26 [INFO] === 詳細ページの取得開始 ===
2026-03-30 22:11:26 [INFO] 詳細未取得のスタンド: 765 件
2026-03-30 22:11:26 [INFO]   [1/765] 詳細取得中: 26kykkf4
2026-03-30 22:11:34 [INFO]   [2/765] 詳細取得中: 27sf859s
2026-03-30 22:11:42 [INFO]   [3/765] 詳細取得中: 26bie3kv
2026-03-30 22:11:50 [INFO]   [4/765] 詳細取得中: 28uoyruh
2026-03-30 22:11:59 [INFO]   [5/765] 詳細取得中: 23ns6j61
2026-03-30 22:12:07 [INFO]   [6/765] 詳細取得中: 291lk7z6
2026-03-30 22:12:16 [INFO]   [7/765] 詳細取得中: 28pomxbu
2026-03-30 22:12:24 [INFO]   [8/765] 詳細取得中: 1r5qq203
2026-03-30 22:12:33 [INFO]   [9/765] 詳細取得中: 1un9t3vt
2026-03-30 22:12:41 [INFO]   [10/765] 詳細取得中: 29f1nrb4
2026-03-30 22:12:49 [INFO]   進捗: 10/765 (1%)
2026-03-30 22:12:49 [INFO]   [11/765] 詳細取得中: 1tp6t4ym
2026-03-30 22:12:58 [INFO]   [12/765] 詳細取得中: 10084
2026-03-30 22:13:06 [INFO]   [13/765] 詳細取得中: 24uobyjm
2026-03-30 22:13:14 [INFO]   [14/765] 詳細取得中: 11220
2026-03-30 22:13:23 [INFO]   [15/765] 詳細取得中: 24pddvs2
2026-03-30 22:13:31 [INFO]   [16/765] 詳細取得中: 24vif7he
2026-03-30 22:13:39 [INFO]   [17/765] 詳細取得中: 1tfqhvvi
2026-03-30 22:13:51 [INFO]   [18/765] 詳細取得中: 13213
2026-03-30 22:13:59 [INFO]   [19/765] 詳細取得中: 23no646q
2026-03-30 22:14:08 [INFO]   [20/765] 詳細取得中: 1tp6tq54
2026-03-30 22:14:17 [INFO]   進捗: 20/765 (2%)
2026-03-30 22:14:17 [INFO]   [21/765] 詳細取得中: 1tp6uqi7
2026-03-30 22:14:25 [INFO]   [22/765] 詳細取得中: 28y620fs
2026-03-30 22:14:34 [INFO]   [23/765] 詳細取得中: 294q34mw
2026-03-30 22:14:43 [INFO]   [24/765] 詳細取得中: 25c8bmzr
2026-03-30 22:14:51 [INFO]   [25/765] 詳細取得中: 11212
2026-03-30 22:15:00 [INFO]   [26/765] 詳細取得中: 2999xu2r
2026-03-30 22:15:09 [INFO]   [27/765] 詳細取得中: 1tc17g46
2026-03-30 22:15:17 [INFO]   [28/765] 詳細取得中: 2764b0rp
2026-03-30 22:15:26 [INFO]   [29/765] 詳細取得中: 1veltngm
2026-03-30 22:15:34 [INFO]   [30/765] 詳細取得中: 1u4o9chl
2026-03-30 22:15:43 [INFO]   進捗: 30/765 (3%)
2026-03-30 22:15:43 [INFO]   [31/765] 詳細取得中: 260hz899
2026-03-30 22:15:51 [INFO]   [32/765] 詳細取得中: 14567
2026-03-30 22:15:59 [INFO]   [33/765] 詳細取得中: 273dh4tm
2026-03-30 22:16:08 [INFO]   [34/765] 詳細取得中: 11663
2026-03-30 22:16:11 [INFO]   [35/765] 詳細取得中: 11667
2026-03-30 22:16:20 [INFO]   [36/765] 詳細取得中: 1tkjfxd1
2026-03-30 22:16:28 [INFO]   [37/765] 詳細取得中: 1rtjhbc3
2026-03-30 22:16:36 [INFO]   [38/765] 詳細取得中: 1scpdd73
2026-03-30 22:16:45 [INFO]   [39/765] 詳細取得中: 295uveqy
2026-03-30 22:16:53 [INFO]   [40/765] 詳細取得中: 27cl201a
2026-03-30 22:17:01 [INFO]   進捗: 40/765 (5%)
2026-03-30 22:17:01 [INFO]   [41/765] 詳細取得中: 268v4w7c
2026-03-30 22:17:10 [INFO]   [42/765] 詳細取得中: 297bc171
2026-03-30 22:17:18 [INFO]   [43/765] 詳細取得中: 290a0l7g
2026-03-30 22:17:27 [INFO]   [44/765] 詳細取得中: 24ah656e
2026-03-30 22:17:35 [INFO]   [45/765] 詳細取得中: 247twjwz
2026-03-30 22:17:44 [INFO]   [46/765] 詳細取得中: 23wzswn4
2026-03-30 22:17:52 [INFO]   [47/765] 詳細取得中: 23l8x9ut
2026-03-30 22:18:01 [INFO]   [48/765] 詳細取得中: 21r9vkb1
2026-03-30 22:18:10 [INFO]   [49/765] 詳細取得中: 214xgf7i
2026-03-30 22:18:18 [INFO]   [50/765] 詳細取得中: 1wzr7zbo
2026-03-30 22:18:27 [INFO]   進捗: 50/765 (6%)
2026-03-30 22:18:27 [INFO]   [51/765] 詳細取得中: 1wr12agr
2026-03-30 22:18:35 [INFO]   [52/765] 詳細取得中: 1wqv6kg2
2026-03-30 22:18:44 [INFO]   [53/765] 詳細取得中: 1wph2299
2026-03-30 22:18:52 [INFO]   [54/765] 詳細取得中: 1wg44ce3
2026-03-30 22:19:01 [INFO]   [55/765] 詳細取得中: 1u8oafls
2026-03-30 22:19:09 [INFO]   [56/765] 詳細取得中: 1u8o8s9e
2026-03-30 22:19:18 [INFO]   [57/765] 詳細取得中: 1txj199u
2026-03-30 22:19:27 [INFO]   [58/765] 詳細取得中: 1szeoo8r
2026-03-30 22:19:35 [INFO]   [59/765] 詳細取得中: 1so6coy6
2026-03-30 22:19:43 [INFO]   [60/765] 詳細取得中: 1scj8fxj
2026-03-30 22:19:52 [INFO]   進捗: 60/765 (7%)
2026-03-30 22:19:52 [INFO]   [61/765] 詳細取得中: 1reauizh
2026-03-30 22:20:00 [INFO]   [62/765] 詳細取得中: 1qnnmw4o
2026-03-30 22:20:09 [INFO]   [63/765] 詳細取得中: 1qb8m5np
2026-03-30 22:20:18 [INFO]   [64/765] 詳細取得中: 1pzkzhim
2026-03-30 22:20:26 [INFO]   [65/765] 詳細取得中: 1pzkxz2g
2026-03-30 22:20:35 [INFO]   [66/765] 詳細取得中: 1py36g4f
2026-03-30 22:20:44 [INFO]   [67/765] 詳細取得中: 1pxk6o8l
2026-03-30 22:20:52 [INFO]   [68/765] 詳細取得中: 15168
2026-03-30 22:21:01 [INFO]   [69/765] 詳細取得中: 15167
2026-03-30 22:21:10 [INFO]   [70/765] 詳細取得中: 14375
2026-03-30 22:21:18 [INFO]   進捗: 70/765 (9%)
2026-03-30 22:21:18 [INFO]   [71/765] 詳細取得中: 13752
2026-03-30 22:21:30 [INFO]   [72/765] 詳細取得中: 24wis455
2026-03-30 22:21:39 [INFO]   [73/765] 詳細取得中: 25jx90hf
2026-03-30 22:21:48 [INFO]   [74/765] 詳細取得中: 28uyi79t
2026-03-30 22:21:57 [INFO]   [75/765] 詳細取得中: 298utjut
2026-03-30 22:22:07 [INFO]   [76/765] 詳細取得中: 24x7q6dn
2026-03-30 22:22:15 [INFO]   [77/765] 詳細取得中: 1tsu4uc8
2026-03-30 22:22:24 [INFO]   [78/765] 詳細取得中: 1t6iultu
2026-03-30 22:22:33 [INFO]   [79/765] 詳細取得中: 11642
2026-03-30 22:22:41 [INFO]   [80/765] 詳細取得中: 11647
2026-03-30 22:22:50 [INFO]   進捗: 80/765 (10%)
2026-03-30 22:22:50 [INFO]   [81/765] 詳細取得中: 11654
2026-03-30 22:22:58 [INFO]   [82/765] 詳細取得中: 11659
2026-03-30 22:23:06 [INFO]   [83/765] 詳細取得中: 11658
2026-03-30 22:23:16 [INFO]   [84/765] 詳細取得中: 11657
2026-03-30 22:23:24 [INFO]   [85/765] 詳細取得中: 11656
2026-03-30 22:23:33 [INFO]   [86/765] 詳細取得中: 11655
2026-03-30 22:23:41 [INFO]   [87/765] 詳細取得中: 11652
2026-03-30 22:23:49 [INFO]   [88/765] 詳細取得中: 11649
2026-03-30 22:23:58 [INFO]   [89/765] 詳細取得中: 11648
2026-03-30 22:24:06 [INFO]   [90/765] 詳細取得中: 11643
2026-03-30 22:24:15 [INFO]   進捗: 90/765 (11%)
2026-03-30 22:24:15 [INFO]   [91/765] 詳細取得中: 11641
2026-03-30 22:24:26 [INFO]   [92/765] 詳細取得中: 11640
2026-03-30 22:24:35 [INFO]   [93/765] 詳細取得中: 11639
2026-03-30 22:24:43 [INFO]   [94/765] 詳細取得中: 9540
2026-03-30 22:24:51 [INFO]   [95/765] 詳細取得中: 262tr3zu
2026-03-30 22:24:59 [INFO]   [96/765] 詳細取得中: 27sf4wnh
2026-03-30 22:25:08 [INFO]   [97/765] 詳細取得中: 28xq5ynn
2026-03-30 22:25:16 [INFO]   [98/765] 詳細取得中: 28xp9hhs
2026-03-30 22:25:24 [INFO]   [99/765] 詳細取得中: 27sq4phk
2026-03-30 22:25:33 [INFO]   [100/765] 詳細取得中: 28xp8sss
2026-03-30 22:25:41 [INFO]   進捗: 100/765 (13%)
2026-03-30 22:25:41 [INFO]   [101/765] 詳細取得中: 24x4d8l7
2026-03-30 22:25:50 [INFO]   [102/765] 詳細取得中: 15479
2026-03-30 22:25:58 [INFO]   [103/765] 詳細取得中: 1u6egzl4
2026-03-30 22:26:06 [INFO]   [104/765] 詳細取得中: 1t84zqjd
2026-03-30 22:26:18 [INFO]   [105/765] 詳細取得中: 1pwkq3tb
2026-03-30 22:26:26 [INFO]   [106/765] 詳細取得中: 1pzkw0o1
2026-03-30 22:26:35 [INFO]   [107/765] 詳細取得中: 1s1unjj5
2026-03-30 22:26:43 [INFO]   [108/765] 詳細取得中: 268yvtts
2026-03-30 22:26:51 [INFO]   [109/765] 詳細取得中: 278jzt7j
2026-03-30 22:27:00 [INFO]   [110/765] 詳細取得中: 28xo7bx8
2026-03-30 22:27:08 [INFO]   進捗: 110/765 (14%)
2026-03-30 22:27:08 [INFO]   [111/765] 詳細取得中: 278kfkxn
2026-03-30 22:27:17 [INFO]   [112/765] 詳細取得中: 279oltbe
2026-03-30 22:27:25 [INFO]   [113/765] 詳細取得中: 28x8c5zm
2026-03-30 22:27:34 [INFO]   [114/765] 詳細取得中: 28xo3gd9
2026-03-30 22:27:42 [INFO]   [115/765] 詳細取得中: 27sv6xem
2026-03-30 22:27:50 [INFO]   [116/765] 詳細取得中: 28xo399e
2026-03-30 22:27:59 [INFO]   [117/765] 詳細取得中: 28xo7tlw
2026-03-30 22:28:07 [INFO]   [118/765] 詳細取得中: 28xo6w9g
2026-03-30 22:28:16 [INFO]   [119/765] 詳細取得中: 28wojytu
2026-03-30 22:28:24 [INFO]   [120/765] 詳細取得中: 28vuifzq
2026-03-30 22:28:33 [INFO]   進捗: 120/765 (15%)
2026-03-30 22:28:33 [INFO]   [121/765] 詳細取得中: 28wp58bz
2026-03-30 22:28:41 [INFO]   [122/765] 詳細取得中: 23bhlh4u
2026-03-30 22:28:50 [INFO]   [123/765] 詳細取得中: 23q8pvo7
2026-03-30 22:28:59 [INFO]   [124/765] 詳細取得中: 27le1tfg
2026-03-30 22:29:07 [INFO]   [125/765] 詳細取得中: 1r5p8jxq
2026-03-30 22:29:15 [INFO]   [126/765] 詳細取得中: 1r5pg5ob
2026-03-30 22:29:24 [INFO]   [127/765] 詳細取得中: 1r5pn0i6
2026-03-30 22:29:32 [INFO]   [128/765] 詳細取得中: 1r5pois7
2026-03-30 22:29:41 [INFO]   [129/765] 詳細取得中: 1r5qoskx
2026-03-30 22:29:49 [INFO]   [130/765] 詳細取得中: 1r5qqjs2
2026-03-30 22:29:58 [INFO]   進捗: 130/765 (16%)
2026-03-30 22:29:58 [INFO]   [131/765] 詳細取得中: 298y8zcj
2026-03-30 22:30:06 [INFO]   [132/765] 詳細取得中: 279lmkvj
2026-03-30 22:30:14 [INFO]   [133/765] 詳細取得中: 28c9tc1i
2026-03-30 22:30:23 [INFO]   [134/765] 詳細取得中: 14562
2026-03-30 22:30:31 [INFO]   [135/765] 詳細取得中: 28ypcqhi
2026-03-30 22:30:39 [INFO]   [136/765] 詳細取得中: 291qbswf
2026-03-30 22:30:48 [INFO]   [137/765] 詳細取得中: 291qbt1j
2026-03-30 22:30:56 [INFO]   [138/765] 詳細取得中: 291qbtar
2026-03-30 22:31:04 [INFO]   [139/765] 詳細取得中: 292q6yeq
2026-03-30 22:31:13 [INFO]   [140/765] 詳細取得中: 292q6yl1
2026-03-30 22:31:21 [INFO]   進捗: 140/765 (18%)
2026-03-30 22:31:21 [INFO]   [141/765] 詳細取得中: 295ewydd
2026-03-30 22:31:29 [INFO]   [142/765] 詳細取得中: 298kv28r
2026-03-30 22:31:38 [INFO]   [143/765] 詳細取得中: 263u4c15
2026-03-30 22:31:47 [INFO]   [144/765] 詳細取得中: 265ii940
2026-03-30 22:31:55 [INFO]   [145/765] 詳細取得中: 266tze8r
2026-03-30 22:32:03 [INFO]   [146/765] 詳細取得中: 26bstejc
2026-03-30 22:32:12 [INFO]   [147/765] 詳細取得中: 26gspmvm
2026-03-30 22:32:20 [INFO]   [148/765] 詳細取得中: 273quxer
2026-03-30 22:32:28 [INFO]   [149/765] 詳細取得中: 27ajtnh6
2026-03-30 22:32:37 [INFO]   [150/765] 詳細取得中: 27eqb668
2026-03-30 22:32:45 [INFO]   進捗: 150/765 (19%)
2026-03-30 22:32:45 [INFO]   [151/765] 詳細取得中: 27eqb8oc
2026-03-30 22:32:54 [INFO]   [152/765] 詳細取得中: 27eqbcd7
2026-03-30 22:33:02 [INFO]   [153/765] 詳細取得中: 27eqbell
2026-03-30 22:33:10 [INFO]   [154/765] 詳細取得中: 27fq54dw
2026-03-30 22:33:19 [INFO]   [155/765] 詳細取得中: 27fq54im
2026-03-30 22:33:28 [INFO]   [156/765] 詳細取得中: 27fq54pp
2026-03-30 22:33:36 [INFO]   [157/765] 詳細取得中: 27gqbuxy
2026-03-30 22:33:45 [INFO]   [158/765] 詳細取得中: 27gqe4pq
2026-03-30 22:33:54 [INFO]   [159/765] 詳細取得中: 27gqe4tu
2026-03-30 22:34:02 [INFO]   [160/765] 詳細取得中: 27gqe52o
2026-03-30 22:34:10 [INFO]   進捗: 160/765 (20%)
2026-03-30 22:34:10 [INFO]   [161/765] 詳細取得中: 27gqe5f8
2026-03-30 22:34:19 [INFO]   [162/765] 詳細取得中: 27hyp0jk
2026-03-30 22:34:28 [INFO]   [163/765] 詳細取得中: 27hyp0nl
2026-03-30 22:34:36 [INFO]   [164/765] 詳細取得中: 27hyp0up
2026-03-30 22:34:45 [INFO]   [165/765] 詳細取得中: 27hyp0vm
2026-03-30 22:34:54 [INFO]   [166/765] 詳細取得中: 27hyp14f
2026-03-30 22:35:03 [INFO]   [167/765] 詳細取得中: 27iqat86
2026-03-30 22:35:11 [INFO]   [168/765] 詳細取得中: 27iqate0
2026-03-30 22:35:19 [INFO]   [169/765] 詳細取得中: 27iqatlk
2026-03-30 22:35:28 [INFO]   [170/765] 詳細取得中: 27iqatqt
2026-03-30 22:35:36 [INFO]   進捗: 170/765 (22%)
2026-03-30 22:35:36 [INFO]   [171/765] 詳細取得中: 27iqd2uf
2026-03-30 22:35:45 [INFO]   [172/765] 詳細取得中: 27jvep1o
2026-03-30 22:35:53 [INFO]   [173/765] 詳細取得中: 27jvevg1
2026-03-30 22:36:03 [INFO]   [174/765] 詳細取得中: 27jvf88a
2026-03-30 22:36:12 [INFO]   [175/765] 詳細取得中: 27jvff97
2026-03-30 22:36:21 [INFO]   [176/765] 詳細取得中: 27kpidrl
2026-03-30 22:36:29 [INFO]   [177/765] 詳細取得中: 27kpm8uh
2026-03-30 22:36:38 [INFO]   [178/765] 詳細取得中: 27kpmg6v
2026-03-30 22:36:46 [INFO]   [179/765] 詳細取得中: 27lpxloh
2026-03-30 22:36:54 [INFO]   [180/765] 詳細取得中: 27lyax6i
2026-03-30 22:37:03 [INFO]   進捗: 180/765 (23%)
2026-03-30 22:37:03 [INFO]   [181/765] 詳細取得中: 27lybaww
2026-03-30 22:37:11 [INFO]   [182/765] 詳細取得中: 27mgae2c
2026-03-30 22:37:20 [INFO]   [183/765] 詳細取得中: 27mpcfat
2026-03-30 22:37:28 [INFO]   [184/765] 詳細取得中: 27pqsnb8
2026-03-30 22:37:36 [INFO]   [185/765] 詳細取得中: 27pqsnhf
2026-03-30 22:37:45 [INFO]   [186/765] 詳細取得中: 27pqsnn0
2026-03-30 22:37:53 [INFO]   [187/765] 詳細取得中: 27pqsnvv
2026-03-30 22:38:01 [INFO]   [188/765] 詳細取得中: 27q5m3qb
2026-03-30 22:38:09 [INFO]   [189/765] 詳細取得中: 27sgpxh8
2026-03-30 22:38:18 [INFO]   [190/765] 詳細取得中: 27sgq5e1
2026-03-30 22:38:26 [INFO]   進捗: 190/765 (24%)
2026-03-30 22:38:26 [INFO]   [191/765] 詳細取得中: 27sgqi0f
2026-03-30 22:38:35 [INFO]   [192/765] 詳細取得中: 27tpcat3
2026-03-30 22:38:43 [INFO]   [193/765] 詳細取得中: 28oos30i
2026-03-30 22:38:51 [INFO]   [194/765] 詳細取得中: 28rp04xk
2026-03-30 22:39:00 [INFO]   [195/765] 詳細取得中: 28rp0emt
2026-03-30 22:39:08 [INFO]   [196/765] 詳細取得中: 28rp0s95
2026-03-30 22:39:16 [INFO]   [197/765] 詳細取得中: 28sqad5h
2026-03-30 22:39:24 [INFO]   [198/765] 詳細取得中: 28voznnx
2026-03-30 22:39:32 [INFO]   [199/765] 詳細取得中: 28vp19fi
2026-03-30 22:39:41 [INFO]   [200/765] 詳細取得中: 28vp19md
2026-03-30 22:39:49 [INFO]   進捗: 200/765 (26%)
2026-03-30 22:39:49 [INFO]   [201/765] 詳細取得中: 28ypcicj
2026-03-30 22:39:58 [INFO]   [202/765] 詳細取得中: 25rq4oaa
2026-03-30 22:40:07 [INFO]   [203/765] 詳細取得中: 25rq54i0
2026-03-30 22:40:15 [INFO]   [204/765] 詳細取得中: 25utaxdi
2026-03-30 22:40:23 [INFO]   [205/765] 詳細取得中: 25vuknpf
2026-03-30 22:40:32 [INFO]   [206/765] 詳細取得中: 25wuxmlx
2026-03-30 22:40:41 [INFO]   [207/765] 詳細取得中: 25yt4c0z
2026-03-30 22:40:49 [INFO]   [208/765] 詳細取得中: 25yt4nim
2026-03-30 22:40:57 [INFO]   [209/765] 詳細取得中: 262hund7
2026-03-30 22:41:05 [INFO]   [210/765] 詳細取得中: 1uxeleqi
2026-03-30 22:41:14 [INFO]   進捗: 210/765 (27%)
2026-03-30 22:41:14 [INFO]   [211/765] 詳細取得中: 1v03opss
2026-03-30 22:41:23 [INFO]   [212/765] 詳細取得中: 1v1uilhs
2026-03-30 22:41:31 [INFO]   [213/765] 詳細取得中: 1v1ul2ua
2026-03-30 22:41:39 [INFO]   [214/765] 詳細取得中: 1v1um3ba
2026-03-30 22:41:48 [INFO]   [215/765] 詳細取得中: 1v1ummsl
2026-03-30 22:41:56 [INFO]   [216/765] 詳細取得中: 1v1uono0
2026-03-30 22:42:04 [INFO]   [217/765] 詳細取得中: 1w35tmpk
2026-03-30 22:42:13 [INFO]   [218/765] 詳細取得中: 1xmi44nz
2026-03-30 22:42:21 [INFO]   [219/765] 詳細取得中: 1xq5ms66
2026-03-30 22:42:29 [INFO]   [220/765] 詳細取得中: 1xq5n3f5
2026-03-30 22:42:38 [INFO]   進捗: 220/765 (28%)
2026-03-30 22:42:38 [INFO]   [221/765] 詳細取得中: 1yk77048
2026-03-30 22:42:46 [INFO]   [222/765] 詳細取得中: 21ylzuuo
2026-03-30 22:42:55 [INFO]   [223/765] 詳細取得中: 24jdw3bg
2026-03-30 22:43:04 [INFO]   [224/765] 詳細取得中: 24ksag9i
2026-03-30 22:43:12 [INFO]   [225/765] 詳細取得中: 24oddrfv
2026-03-30 22:43:21 [INFO]   [226/765] 詳細取得中: 24oocalj
2026-03-30 22:43:30 [INFO]   [227/765] 詳細取得中: 24r8a5in
2026-03-30 22:43:39 [INFO]   [228/765] 詳細取得中: 24rsyymp
2026-03-30 22:43:47 [INFO]   [229/765] 詳細取得中: 24strr07
2026-03-30 22:43:56 [INFO]   [230/765] 詳細取得中: 24stsuio
2026-03-30 22:44:04 [INFO]   進捗: 230/765 (30%)
2026-03-30 22:44:04 [INFO]   [231/765] 詳細取得中: 24tdy3by
2026-03-30 22:44:12 [INFO]   [232/765] 詳細取得中: 24tk2cw6
2026-03-30 22:44:20 [INFO]   [233/765] 詳細取得中: 24uob6y1
2026-03-30 22:44:29 [INFO]   [234/765] 詳細取得中: 24vifwkr
2026-03-30 22:44:38 [INFO]   [235/765] 詳細取得中: 24w8er14
2026-03-30 22:44:46 [INFO]   [236/765] 詳細取得中: 24wnca64
2026-03-30 22:44:54 [INFO]   [237/765] 詳細取得中: 24wtill6
2026-03-30 22:45:03 [INFO]   [238/765] 詳細取得中: 25c8c7wy
2026-03-30 22:45:11 [INFO]   [239/765] 詳細取得中: 25kixc6x
2026-03-30 22:45:19 [INFO]   [240/765] 詳細取得中: 25msngnj
2026-03-30 22:45:28 [INFO]   進捗: 240/765 (31%)
2026-03-30 22:45:28 [INFO]   [241/765] 詳細取得中: 25msua4d
2026-03-30 22:45:39 [INFO]   [242/765] 詳細取得中: 25ntb00b
2026-03-30 22:45:51 [INFO]   [243/765] 詳細取得中: 25ntbe28
2026-03-30 22:45:59 [INFO]   [244/765] 詳細取得中: 25ntbqwh
2026-03-30 22:46:07 [INFO]   [245/765] 詳細取得中: 25ntc3p6
2026-03-30 22:46:15 [INFO]   [246/765] 詳細取得中: 25poeujh
2026-03-30 22:46:24 [INFO]   [247/765] 詳細取得中: 25pof6wd
2026-03-30 22:46:33 [INFO]   [248/765] 詳細取得中: bag0
2026-03-30 22:46:41 [INFO]   [249/765] 詳細取得中: b9t2
2026-03-30 22:46:49 [INFO]   [250/765] 詳細取得中: ba31
2026-03-30 22:46:58 [INFO]   進捗: 250/765 (32%)
2026-03-30 22:46:58 [INFO]   [251/765] 詳細取得中: ba5b
2026-03-30 22:47:06 [INFO]   [252/765] 詳細取得中: ba72
2026-03-30 22:47:15 [INFO]   [253/765] 詳細取得中: baau
2026-03-30 22:47:23 [INFO]   [254/765] 詳細取得中: baca
2026-03-30 22:47:31 [INFO]   [255/765] 詳細取得中: banf
2026-03-30 22:47:39 [INFO]   [256/765] 詳細取得中: baqf
2026-03-30 22:47:48 [INFO]   [257/765] 詳細取得中: baxa
2026-03-30 22:47:56 [INFO]   [258/765] 詳細取得中: bazk
2026-03-30 22:48:05 [INFO]   [259/765] 詳細取得中: bb5j
2026-03-30 22:48:13 [INFO]   [260/765] 詳細取得中: dsht
2026-03-30 22:48:21 [INFO]   進捗: 260/765 (33%)
2026-03-30 22:48:21 [INFO]   [261/765] 詳細取得中: dso4
2026-03-30 22:48:30 [INFO]   [262/765] 詳細取得中: dsvx
2026-03-30 22:48:38 [INFO]   [263/765] 詳細取得中: dt2y
2026-03-30 22:48:47 [INFO]   [264/765] 詳細取得中: dta1
2026-03-30 22:48:55 [INFO]   [265/765] 詳細取得中: dtiz
2026-03-30 22:49:05 [INFO]   [266/765] 詳細取得中: dtk1
2026-03-30 22:49:14 [INFO]   [267/765] 詳細取得中: ba0d
2026-03-30 22:49:24 [INFO]   [268/765] 詳細取得中: bai9
2026-03-30 22:49:33 [INFO]   [269/765] 詳細取得中: bb3a
2026-03-30 22:49:41 [INFO]   [270/765] 詳細取得中: dtno
2026-03-30 22:49:50 [INFO]   進捗: 270/765 (35%)
2026-03-30 22:49:50 [INFO]   [271/765] 詳細取得中: du1f
2026-03-30 22:49:59 [INFO]   [272/765] 詳細取得中: du4x
2026-03-30 22:50:08 [INFO]   [273/765] 詳細取得中: lzqc
2026-03-30 22:50:17 [INFO]   [274/765] 詳細取得中: lzsh
2026-03-30 22:50:26 [INFO]   [275/765] 詳細取得中: m018
2026-03-30 22:50:36 [INFO]   [276/765] 詳細取得中: m02q
2026-03-30 22:50:44 [INFO]   [277/765] 詳細取得中: m060
2026-03-30 22:50:53 [INFO]   [278/765] 詳細取得中: m0e0
2026-03-30 22:51:02 [INFO]   [279/765] 詳細取得中: m0l2
2026-03-30 22:51:10 [INFO]   [280/765] 詳細取得中: m0md
2026-03-30 22:51:19 [INFO]   進捗: 280/765 (36%)
2026-03-30 22:51:19 [INFO]   [281/765] 詳細取得中: m0p0
2026-03-30 22:51:27 [INFO]   [282/765] 詳細取得中: m0r9
2026-03-30 22:51:35 [INFO]   [283/765] 詳細取得中: m0xc
2026-03-30 22:51:43 [INFO]   [284/765] 詳細取得中: m10f
2026-03-30 22:51:52 [INFO]   [285/765] 詳細取得中: m1ez
2026-03-30 22:52:00 [INFO]   [286/765] 詳細取得中: 1ssb8fdf
2026-03-30 22:52:09 [INFO]   [287/765] 詳細取得中: 1tlzs3sm
2026-03-30 22:52:17 [INFO]   [288/765] 詳細取得中: 1txirirz
2026-03-30 22:52:25 [INFO]   [289/765] 詳細取得中: 1u3paji8
2026-03-30 22:52:33 [INFO]   [290/765] 詳細取得中: dsjd
2026-03-30 22:52:42 [INFO]   進捗: 290/765 (37%)
2026-03-30 22:52:42 [INFO]   [291/765] 詳細取得中: dsrt
2026-03-30 22:52:50 [INFO]   [292/765] 詳細取得中: dtsd
2026-03-30 22:52:58 [INFO]   [293/765] 詳細取得中: dtv8
2026-03-30 22:53:06 [INFO]   [294/765] 詳細取得中: du7k
2026-03-30 22:53:15 [INFO]   [295/765] 詳細取得中: du8u
2026-03-30 22:53:23 [INFO]   [296/765] 詳細取得中: duj7
2026-03-30 22:53:31 [INFO]   [297/765] 詳細取得中: 93ne
2026-03-30 22:53:40 [INFO]   [298/765] 詳細取得中: 93q4
2026-03-30 22:53:48 [INFO]   [299/765] 詳細取得中: 93sb
2026-03-30 22:53:56 [INFO]   [300/765] 詳細取得中: 93yx
2026-03-30 22:54:05 [INFO]   進捗: 300/765 (39%)
2026-03-30 22:54:05 [INFO]   [301/765] 詳細取得中: 940n
2026-03-30 22:54:13 [INFO]   [302/765] 詳細取得中: 9445
2026-03-30 22:54:21 [INFO]   [303/765] 詳細取得中: 948g
2026-03-30 22:54:29 [INFO]   [304/765] 詳細取得中: 949u
2026-03-30 22:54:38 [INFO]   [305/765] 詳細取得中: 94cw
2026-03-30 22:54:46 [INFO]   [306/765] 詳細取得中: 94fm
2026-03-30 22:54:55 [INFO]   [307/765] 詳細取得中: 94hz
2026-03-30 22:55:03 [INFO]   [308/765] 詳細取得中: 94qj
2026-03-30 22:55:11 [INFO]   [309/765] 詳細取得中: 94ue
2026-03-30 22:55:19 [INFO]   [310/765] 詳細取得中: 9504
2026-03-30 22:55:28 [INFO]   進捗: 310/765 (40%)
2026-03-30 22:55:28 [INFO]   [311/765] 詳細取得中: 951e
2026-03-30 22:55:39 [INFO]   [312/765] 詳細取得中: 956n
2026-03-30 22:55:47 [INFO]   [313/765] 詳細取得中: 95by
2026-03-30 22:55:55 [INFO]   [314/765] 詳細取得中: 14566
2026-03-30 22:56:03 [INFO]   [315/765] 詳細取得中: 14565
2026-03-30 22:56:11 [INFO]   [316/765] 詳細取得中: 14582
2026-03-30 22:56:20 [INFO]   [317/765] 詳細取得中: 14579
2026-03-30 22:56:28 [INFO]   [318/765] 詳細取得中: 27u8mv8v
2026-03-30 22:56:36 [INFO]   [319/765] 詳細取得中: 2929q7ua
2026-03-30 22:56:44 [INFO]   [320/765] 詳細取得中: 2929q80l
2026-03-30 22:56:53 [INFO]   進捗: 320/765 (41%)
2026-03-30 22:56:53 [INFO]   [321/765] 詳細取得中: 2929q84h
2026-03-30 22:57:01 [INFO]   [322/765] 詳細取得中: 292gzt58
2026-03-30 22:57:09 [INFO]   [323/765] 詳細取得中: 293dps0e
2026-03-30 22:57:17 [INFO]   [324/765] 詳細取得中: 293y74e3
2026-03-30 22:57:26 [INFO]   [325/765] 詳細取得中: 299dvqpt
2026-03-30 22:57:34 [INFO]   [326/765] 詳細取得中: 299jadn3
2026-03-30 22:57:42 [INFO]   [327/765] 詳細取得中: 299tnfyy
2026-03-30 22:57:51 [INFO]   [328/765] 詳細取得中: 29au91c6
2026-03-30 22:57:59 [INFO]   [329/765] 詳細取得中: 29au91g2
2026-03-30 22:58:08 [INFO]   [330/765] 詳細取得中: 263cy57h
2026-03-30 22:58:16 [INFO]   進捗: 330/765 (43%)
2026-03-30 22:58:16 [INFO]   [331/765] 詳細取得中: 2642x7rk
2026-03-30 22:58:25 [INFO]   [332/765] 詳細取得中: 266sdivv
2026-03-30 22:58:33 [INFO]   [333/765] 詳細取得中: 2672zjpb
2026-03-30 22:58:41 [INFO]   [334/765] 詳細取得中: 268ievwg
2026-03-30 22:58:49 [INFO]   [335/765] 詳細取得中: 26bba6wu
2026-03-30 22:58:58 [INFO]   [336/765] 詳細取得中: 26k8495h
2026-03-30 22:59:07 [INFO]   [337/765] 詳細取得中: 26n8frro
2026-03-30 22:59:16 [INFO]   [338/765] 詳細取得中: 272kwqbw
2026-03-30 22:59:25 [INFO]   [339/765] 詳細取得中: 276apbxy
2026-03-30 22:59:34 [INFO]   [340/765] 詳細取得中: 27e8h75o
2026-03-30 22:59:43 [INFO]   進捗: 340/765 (44%)
2026-03-30 22:59:43 [INFO]   [341/765] 詳細取得中: 27eicdb1
2026-03-30 22:59:51 [INFO]   [342/765] 詳細取得中: 27et2zo6
2026-03-30 22:59:59 [INFO]   [343/765] 詳細取得中: 27fk8dv3
2026-03-30 23:00:09 [INFO]   [344/765] 詳細取得中: 27gsgrty
2026-03-30 23:00:18 [INFO]   [345/765] 詳細取得中: 27hnax3r
2026-03-30 23:00:27 [INFO]   [346/765] 詳細取得中: 27hnofiw
2026-03-30 23:00:36 [INFO]   [347/765] 詳細取得中: 27j95xq7
2026-03-30 23:00:45 [INFO]   [348/765] 詳細取得中: 27j95xvs
2026-03-30 23:00:53 [INFO]   [349/765] 詳細取得中: 27pdupjd
2026-03-30 23:01:01 [INFO]   [350/765] 詳細取得中: 25zn8cpj
2026-03-30 23:01:10 [INFO]   進捗: 350/765 (45%)
2026-03-30 23:01:10 [INFO]   [351/765] 詳細取得中: 25zsjy7o
2026-03-30 23:01:19 [INFO]   [352/765] 詳細取得中: 25zskc5z
2026-03-30 23:01:28 [INFO]   [353/765] 詳細取得中: 1y3rd90b
2026-03-30 23:01:36 [INFO]   [354/765] 詳細取得中: 1yi60vus
2026-03-30 23:01:45 [INFO]   [355/765] 詳細取得中: 1ymrhh1m
2026-03-30 23:01:53 [INFO]   [356/765] 詳細取得中: 1ynqdvyb
2026-03-30 23:02:02 [INFO]   [357/765] 詳細取得中: 1zdbj1dn
2026-03-30 23:02:10 [INFO]   [358/765] 詳細取得中: 209qyi2r
2026-03-30 23:02:19 [INFO]   [359/765] 詳細取得中: 2226yu5b
2026-03-30 23:02:27 [INFO]   [360/765] 詳細取得中: 22cm6xt4
2026-03-30 23:02:35 [INFO]   進捗: 360/765 (47%)
2026-03-30 23:02:35 [INFO]   [361/765] 詳細取得中: 22wc47ug
2026-03-30 23:02:44 [INFO]   [362/765] 詳細取得中: 231hex0y
2026-03-30 23:02:52 [INFO]   [363/765] 詳細取得中: 235cwp6v
2026-03-30 23:03:04 [INFO]   [364/765] 詳細取得中: 23dcjsvo
2026-03-30 23:03:13 [INFO]   [365/765] 詳細取得中: 23ns5xu1
2026-03-30 23:03:21 [INFO]   [366/765] 詳細取得中: 23ns71rp
2026-03-30 23:03:30 [INFO]   [367/765] 詳細取得中: 23ns7fvt
2026-03-30 23:03:39 [INFO]   [368/765] 詳細取得中: 23pjchnq
2026-03-30 23:03:47 [INFO]   [369/765] 詳細取得中: 24xt5p6k
2026-03-30 23:03:56 [INFO]   [370/765] 詳細取得中: 24ytd0vm
2026-03-30 23:04:05 [INFO]   進捗: 370/765 (48%)
2026-03-30 23:04:05 [INFO]   [371/765] 詳細取得中: 24ytdex5
2026-03-30 23:04:14 [INFO]   [372/765] 詳細取得中: 25ls46od
2026-03-30 23:04:23 [INFO]   [373/765] 詳細取得中: 25u3bcy2
2026-03-30 23:04:31 [INFO]   [374/765] 詳細取得中: 25uu0uw1
2026-03-30 23:04:40 [INFO]   [375/765] 詳細取得中: 25yjg0am
2026-03-30 23:04:48 [INFO]   [376/765] 詳細取得中: 1ulq5af4
2026-03-30 23:04:57 [INFO]   [377/765] 詳細取得中: 1uma17ju
2026-03-30 23:05:06 [INFO]   [378/765] 詳細取得中: 1vwblmes
2026-03-30 23:05:15 [INFO]   [379/765] 詳細取得中: 1wyg9ml2
2026-03-30 23:05:23 [INFO]   [380/765] 詳細取得中: 1xcrvpva
2026-03-30 23:05:32 [INFO]   進捗: 380/765 (49%)
2026-03-30 23:05:32 [INFO]   [381/765] 詳細取得中: 1t2stvhk
2026-03-30 23:05:43 [INFO]   [382/765] 詳細取得中: 1t2suotb
2026-03-30 23:05:52 [INFO]   [383/765] 詳細取得中: 1t2svdxw
2026-03-30 23:06:02 [INFO]   [384/765] 詳細取得中: 1t5xvfji
2026-03-30 23:06:10 [INFO]   [385/765] 詳細取得中: 1t5xwyo7
2026-03-30 23:06:19 [INFO]   [386/765] 詳細取得中: 1t5xxc0c
2026-03-30 23:06:27 [INFO]   [387/765] 詳細取得中: 1t8v4lp9
2026-03-30 23:06:35 [INFO]   [388/765] 詳細取得中: 1t8v5vir
2026-03-30 23:06:44 [INFO]   [389/765] 詳細取得中: 1t8v6pdv
2026-03-30 23:06:52 [INFO]   [390/765] 詳細取得中: 1t8v7rvl
2026-03-30 23:07:00 [INFO]   進捗: 390/765 (50%)
2026-03-30 23:07:00 [INFO]   [391/765] 詳細取得中: 1t8v8pr6
2026-03-30 23:07:09 [INFO]   [392/765] 詳細取得中: 1t8va7d2
2026-03-30 23:07:17 [INFO]   [393/765] 詳細取得中: 1t8vbs5l
2026-03-30 23:07:26 [INFO]   [394/765] 詳細取得中: 1tc15b49
2026-03-30 23:07:34 [INFO]   [395/765] 詳細取得中: 1tc16itc
2026-03-30 23:07:43 [INFO]   [396/765] 詳細取得中: 1tc18tl2
2026-03-30 23:07:51 [INFO]   [397/765] 詳細取得中: 1tccz70f
2026-03-30 23:08:00 [INFO]   [398/765] 詳細取得中: 1tcvx69y
2026-03-30 23:08:08 [INFO]   [399/765] 詳細取得中: 1tdc64m5
2026-03-30 23:08:17 [INFO]   [400/765] 詳細取得中: 1tfcp9fk
2026-03-30 23:08:25 [INFO]   進捗: 400/765 (52%)
2026-03-30 23:08:25 [INFO]   [401/765] 詳細取得中: 1tkjcuov
2026-03-30 23:08:34 [INFO]   [402/765] 詳細取得中: 1tkjdl0n
2026-03-30 23:08:43 [INFO]   [403/765] 詳細取得中: 1tkjfkp4
2026-03-30 23:08:51 [INFO]   [404/765] 詳細取得中: 1tmkg2uf
2026-03-30 23:09:00 [INFO]   [405/765] 詳細取得中: 1tp6v9i5
2026-03-30 23:09:08 [INFO]   [406/765] 詳細取得中: 1tsf4ccf
2026-03-30 23:09:17 [INFO]   [407/765] 詳細取得中: 1tsu56ln
2026-03-30 23:09:26 [INFO]   [408/765] 詳細取得中: 10085
2026-03-30 23:09:34 [INFO]   [409/765] 詳細取得中: 13635
2026-03-30 23:09:42 [INFO]   [410/765] 詳細取得中: 13741
2026-03-30 23:09:51 [INFO]   進捗: 410/765 (53%)
2026-03-30 23:09:51 [INFO]   [411/765] 詳細取得中: 13743
2026-03-30 23:09:59 [INFO]   [412/765] 詳細取得中: 13748
2026-03-30 23:10:08 [INFO]   [413/765] 詳細取得中: 13750
2026-03-30 23:10:16 [INFO]   [414/765] 詳細取得中: 13751
2026-03-30 23:10:25 [INFO]   [415/765] 詳細取得中: 11644
2026-03-30 23:10:33 [INFO]   [416/765] 詳細取得中: 11646
2026-03-30 23:10:41 [INFO]   [417/765] 詳細取得中: 11650
2026-03-30 23:10:50 [INFO]   [418/765] 詳細取得中: 11660
2026-03-30 23:11:02 [INFO]   [419/765] 詳細取得中: 11661
2026-03-30 23:11:12 [INFO]   [420/765] 詳細取得中: 11664
2026-03-30 23:11:20 [INFO]   進捗: 420/765 (54%)
2026-03-30 23:11:20 [INFO]   [421/765] 詳細取得中: 11665
2026-03-30 23:11:29 [INFO]   [422/765] 詳細取得中: 11666
2026-03-30 23:11:37 [INFO]   [423/765] 詳細取得中: 11668
2026-03-30 23:11:46 [INFO]   [424/765] 詳細取得中: 11670
2026-03-30 23:11:54 [INFO]   [425/765] 詳細取得中: 14752
2026-03-30 23:12:03 [INFO]   [426/765] 詳細取得中: 1pto2xpa
2026-03-30 23:12:11 [INFO]   [427/765] 詳細取得中: 1pwkt175
2026-03-30 23:12:20 [INFO]   [428/765] 詳細取得中: 1pz30bja
2026-03-30 23:12:29 [INFO]   [429/765] 詳細取得中: 1qikkczx
2026-03-30 23:12:40 [INFO]   [430/765] 詳細取得中: 1qv0io63
2026-03-30 23:12:49 [INFO]   進捗: 430/765 (56%)
2026-03-30 23:12:49 [INFO]   [431/765] 詳細取得中: 1qv0j4mb
2026-03-30 23:12:57 [INFO]   [432/765] 詳細取得中: 1s98wacd
2026-03-30 23:13:06 [INFO]   [433/765] 詳細取得中: 1sbtndyr
2026-03-30 23:13:14 [INFO]   [434/765] 詳細取得中: 11669
2026-03-30 23:13:23 [INFO]   [435/765] 詳細取得中: 13425
2026-03-30 23:13:31 [INFO]   [436/765] 詳細取得中: 1so6f0qm
2026-03-30 23:13:40 [INFO]   [437/765] 詳細取得中: 27kg0ppt
2026-03-30 23:13:48 [INFO]   [438/765] 詳細取得中: 27u8tr66
2026-03-30 23:13:57 [INFO]   [439/765] 詳細取得中: 27q681u0
2026-03-30 23:14:05 [INFO]   [440/765] 詳細取得中: 27q688t7
2026-03-30 23:14:14 [INFO]   進捗: 440/765 (57%)
2026-03-30 23:14:14 [INFO]   [441/765] 詳細取得中: 297bclcx
2026-03-30 23:14:22 [INFO]   [442/765] 詳細取得中: 2452674y
2026-03-30 23:14:31 [INFO]   [443/765] 詳細取得中: 27ujzsgi
2026-03-30 23:14:39 [INFO]   [444/765] 詳細取得中: 294jidn3
2026-03-30 23:14:48 [INFO]   [445/765] 詳細取得中: 297ypeop
2026-03-30 23:14:56 [INFO]   [446/765] 詳細取得中: 1uv5qhfd
2026-03-30 23:15:05 [INFO]   [447/765] 詳細取得中: 28yjeqy8
2026-03-30 23:15:14 [INFO]   [448/765] 詳細取得中: 27ut1ph6
2026-03-30 23:15:22 [INFO]   [449/765] 詳細取得中: 27pk5edh
2026-03-30 23:15:30 [INFO]   [450/765] 詳細取得中: 27svmkmr
2026-03-30 23:15:39 [INFO]   進捗: 450/765 (58%)
2026-03-30 23:15:39 [INFO]   [451/765] 詳細取得中: 298uuywg
2026-03-30 23:15:47 [INFO]   [452/765] 詳細取得中: 298y7t59
2026-03-30 23:15:56 [INFO]   [453/765] 詳細取得中: 1sv19wje
2026-03-30 23:16:04 [INFO]   [454/765] 詳細取得中: 1sv19alw
2026-03-30 23:16:12 [INFO]   [455/765] 詳細取得中: 27ut1pc9
2026-03-30 23:16:21 [INFO]   [456/765] 詳細取得中: 27q5ys84
2026-03-30 23:16:29 [INFO]   [457/765] 詳細取得中: 1sv1dpi0
2026-03-30 23:16:38 [INFO]   [458/765] 詳細取得中: 282yzuxf
2026-03-30 23:16:46 [INFO]   [459/765] 詳細取得中: 27u5oz3s
2026-03-30 23:16:55 [INFO]   [460/765] 詳細取得中: 1sv1aqsv
2026-03-30 23:17:03 [INFO]   進捗: 460/765 (60%)
2026-03-30 23:17:03 [INFO]   [461/765] 詳細取得中: 2539qno6
2026-03-30 23:17:12 [INFO]   [462/765] 詳細取得中: 26mir536
2026-03-30 23:17:20 [INFO]   [463/765] 詳細取得中: 26miqsi4
2026-03-30 23:17:29 [INFO]   [464/765] 詳細取得中: 26miqg8b
2026-03-30 23:17:37 [INFO]   [465/765] 詳細取得中: 23j98la4
2026-03-30 23:17:46 [INFO]   [466/765] 詳細取得中: 251ok0b8
2026-03-30 23:17:54 [INFO]   [467/765] 詳細取得中: 251oj5kq
2026-03-30 23:18:03 [INFO]   [468/765] 詳細取得中: 26mnrgwz
2026-03-30 23:18:11 [INFO]   [469/765] 詳細取得中: 27tuddtk
2026-03-30 23:18:19 [INFO]   [470/765] 詳細取得中: 10086
2026-03-30 23:18:28 [INFO]   進捗: 470/765 (61%)
2026-03-30 23:18:28 [INFO]   [471/765] 詳細取得中: 2694jztk
2026-03-30 23:18:36 [INFO]   [472/765] 詳細取得中: 291febaf
2026-03-30 23:18:45 [INFO]   [473/765] 詳細取得中: 24wed5u9
2026-03-30 23:18:53 [INFO]   [474/765] 詳細取得中: 24whwfqy
2026-03-30 23:19:02 [INFO]   [475/765] 詳細取得中: 259s835e
2026-03-30 23:19:10 [INFO]   [476/765] 詳細取得中: 1zabx0hp
2026-03-30 23:19:18 [INFO]   [477/765] 詳細取得中: 262ti9li
2026-03-30 23:19:26 [INFO]   [478/765] 詳細取得中: 2728aat9
2026-03-30 23:19:35 [INFO]   [479/765] 詳細取得中: 261q5n98
2026-03-30 23:19:43 [INFO]   [480/765] 詳細取得中: 268zwpee
2026-03-30 23:19:51 [INFO]   進捗: 480/765 (62%)
2026-03-30 23:19:51 [INFO]   [481/765] 詳細取得中: 2694u8pq
2026-03-30 23:20:00 [INFO]   [482/765] 詳細取得中: 2694vmkp
2026-03-30 23:20:08 [INFO]   [483/765] 詳細取得中: 2694vnue
2026-03-30 23:20:16 [INFO]   [484/765] 詳細取得中: 269e2qly
2026-03-30 23:20:25 [INFO]   [485/765] 詳細取得中: 268zwnnp
2026-03-30 23:20:33 [INFO]   [486/765] 詳細取得中: 269fwaqs
2026-03-30 23:20:41 [INFO]   [487/765] 詳細取得中: 269fyllm
2026-03-30 23:20:51 [INFO]   [488/765] 詳細取得中: 268yvfqi
2026-03-30 23:21:00 [INFO]   [489/765] 詳細取得中: 268zwfbj
2026-03-30 23:21:08 [INFO]   [490/765] 詳細取得中: 268zwfst
2026-03-30 23:21:17 [INFO]   進捗: 490/765 (64%)
2026-03-30 23:21:17 [INFO]   [491/765] 詳細取得中: 26av5cs8
2026-03-30 23:21:26 [INFO]   [492/765] 詳細取得中: 268zwooz
2026-03-30 23:21:34 [INFO]   [493/765] 詳細取得中: 268zwdqv
2026-03-30 23:21:44 [INFO]   [494/765] 詳細取得中: 268zwed2
2026-03-30 23:21:54 [INFO]   [495/765] 詳細取得中: 268zwjc7
2026-03-30 23:22:03 [INFO]   [496/765] 詳細取得中: 268ywi9c
2026-03-30 23:22:11 [INFO]   [497/765] 詳細取得中: 268yvdjo
2026-03-30 23:22:23 [INFO]   [498/765] 詳細取得中: 268yvpax
2026-03-30 23:22:35 [INFO]   [499/765] 詳細取得中: 268yvpze
2026-03-30 23:22:43 [INFO]   [500/765] 詳細取得中: 268yvehq
2026-03-30 23:22:52 [INFO]   進捗: 500/765 (65%)
2026-03-30 23:22:52 [INFO]   [501/765] 詳細取得中: 268yvf6l
2026-03-30 23:23:00 [INFO]   [502/765] 詳細取得中: 26ayosy2
2026-03-30 23:23:08 [INFO]   [503/765] 詳細取得中: 26ayovl3
2026-03-30 23:23:17 [INFO]   [504/765] 詳細取得中: 2694jzjg
2026-03-30 23:23:26 [INFO]   [505/765] 詳細取得中: 2748k1m2
2026-03-30 23:23:34 [INFO]   [506/765] 詳細取得中: 278jzy9z
2026-03-30 23:23:43 [INFO]   [507/765] 詳細取得中: 278k1dms
2026-03-30 23:23:52 [INFO]   [508/765] 詳細取得中: 278l1uvw
2026-03-30 23:24:00 [INFO]   [509/765] 詳細取得中: 278l2429
2026-03-30 23:24:08 [INFO]   [510/765] 詳細取得中: 278l2dvc
2026-03-30 23:24:17 [INFO]   進捗: 510/765 (66%)
2026-03-30 23:24:17 [INFO]   [511/765] 詳細取得中: 278l2nby
2026-03-30 23:24:25 [INFO]   [512/765] 詳細取得中: 278l346z
2026-03-30 23:24:34 [INFO]   [513/765] 詳細取得中: 278l3d9h
2026-03-30 23:24:45 [INFO]   [514/765] 詳細取得中: 278l3mci
2026-03-30 23:24:54 [INFO]   [515/765] 詳細取得中: 278ng8j0
2026-03-30 23:25:02 [INFO]   [516/765] 詳細取得中: 278ngmv6
2026-03-30 23:25:10 [INFO]   [517/765] 詳細取得中: 278njopy
2026-03-30 23:25:18 [INFO]   [518/765] 詳細取得中: 278njzot
2026-03-30 23:25:26 [INFO]   [519/765] 詳細取得中: 278nl4ig
2026-03-30 23:25:35 [INFO]   [520/765] 詳細取得中: 278nl6np
2026-03-30 23:25:43 [INFO]   進捗: 520/765 (67%)
2026-03-30 23:25:43 [INFO]   [521/765] 詳細取得中: 278nlaox
2026-03-30 23:25:52 [INFO]   [522/765] 詳細取得中: 278nle6t
2026-03-30 23:26:00 [INFO]   [523/765] 詳細取得中: 278p2vp4
2026-03-30 23:26:09 [INFO]   [524/765] 詳細取得中: 278qdus9
2026-03-30 23:26:17 [INFO]   [525/765] 詳細取得中: 279fawia
2026-03-30 23:26:25 [INFO]   [526/765] 詳細取得中: 279fazdt
2026-03-30 23:26:33 [INFO]   [527/765] 詳細取得中: 279nmjhf
2026-03-30 23:26:41 [INFO]   [528/765] 詳細取得中: 279v6zq8
2026-03-30 23:26:51 [INFO]   [529/765] 詳細取得中: 27beosw6
2026-03-30 23:26:59 [INFO]   [530/765] 詳細取得中: 27bq2cv3
2026-03-30 23:27:08 [INFO]   進捗: 530/765 (69%)
2026-03-30 23:27:08 [INFO]   [531/765] 詳細取得中: 27bq2euk
2026-03-30 23:27:16 [INFO]   [532/765] 詳細取得中: 27bq6eh2
2026-03-30 23:27:24 [INFO]   [533/765] 詳細取得中: 27jpjfqo
2026-03-30 23:27:37 [INFO]   [534/765] 詳細取得中: 27jqolft
2026-03-30 23:27:45 [INFO]   [535/765] 詳細取得中: 27kg6owt
2026-03-30 23:28:00 [ERROR] 都道府県 9 でエラー: database is locked
2026-03-30 23:28:00 [INFO] === 大阪府 (27) のスクレイピング開始 ===
2026-03-30 23:28:00 [INFO] 前回の続き: ページ 2 から再開
2026-03-30 23:28:00 [INFO] ページ 2 を取得中: https://ev.gogo.gs/search?ac=27&page=2
2026-03-30 23:28:04 [INFO] 総ページ数: 133
2026-03-30 23:28:06 [INFO]   → 10 件のスタンドを保存 (累計: 765)
2026-03-30 23:28:06 [INFO] ページ 3 を取得中: https://ev.gogo.gs/search?ac=27&page=3
2026-03-30 23:28:20 [INFO]   → 10 件のスタンドを保存 (累計: 775)
2026-03-30 23:28:20 [INFO] ページ 4 を取得中: https://ev.gogo.gs/search?ac=27&page=4
2026-03-30 23:28:32 [INFO]   → 10 件のスタンドを保存 (累計: 785)
2026-03-30 23:28:32 [INFO] ページ 5 を取得中: https://ev.gogo.gs/search?ac=27&page=5
2026-03-30 23:28:41 [INFO]   → 10 件のスタンドを保存 (累計: 795)
2026-03-30 23:28:41 [INFO] ページ 6 を取得中: https://ev.gogo.gs/search?ac=27&page=6
2026-03-30 23:28:49 [INFO]   → 10 件のスタンドを保存 (累計: 805)
2026-03-30 23:28:49 [INFO] ページ 7 を取得中: https://ev.gogo.gs/search?ac=27&page=7
2026-03-30 23:28:57 [INFO]   → 10 件のスタンドを保存 (累計: 815)
2026-03-30 23:28:57 [INFO] ページ 8 を取得中: https://ev.gogo.gs/search?ac=27&page=8
2026-03-30 23:29:06 [INFO]   → 10 件のスタンドを保存 (累計: 825)
2026-03-30 23:29:06 [INFO] ページ 9 を取得中: https://ev.gogo.gs/search?ac=27&page=9
2026-03-30 23:29:14 [INFO]   → 10 件のスタンドを保存 (累計: 835)
2026-03-30 23:29:14 [INFO] ページ 10 を取得中: https://ev.gogo.gs/search?ac=27&page=10
2026-03-30 23:29:23 [INFO]   → 10 件のスタンドを保存 (累計: 845)
2026-03-30 23:29:23 [INFO] ページ 11 を取得中: https://ev.gogo.gs/search?ac=27&page=11
2026-03-30 23:29:31 [INFO]   → 10 件のスタンドを保存 (累計: 855)
2026-03-30 23:29:31 [INFO] ページ 12 を取得中: https://ev.gogo.gs/search?ac=27&page=12
2026-03-30 23:29:40 [INFO]   → 10 件のスタンドを保存 (累計: 865)
2026-03-30 23:29:40 [INFO] ページ 13 を取得中: https://ev.gogo.gs/search?ac=27&page=13
2026-03-30 23:29:48 [INFO]   → 10 件のスタンドを保存 (累計: 875)
2026-03-30 23:29:48 [INFO] ページ 14 を取得中: https://ev.gogo.gs/search?ac=27&page=14
2026-03-30 23:29:57 [INFO]   → 10 件のスタンドを保存 (累計: 885)
2026-03-30 23:29:57 [INFO] ページ 15 を取得中: https://ev.gogo.gs/search?ac=27&page=15
2026-03-30 23:30:05 [INFO]   → 10 件のスタンドを保存 (累計: 895)
2026-03-30 23:30:05 [INFO] ページ 16 を取得中: https://ev.gogo.gs/search?ac=27&page=16
2026-03-30 23:30:15 [INFO]   → 10 件のスタンドを保存 (累計: 905)
2026-03-30 23:30:15 [INFO] ページ 17 を取得中: https://ev.gogo.gs/search?ac=27&page=17
2026-03-30 23:30:24 [INFO]   → 10 件のスタンドを保存 (累計: 915)
2026-03-30 23:30:24 [INFO] ページ 18 を取得中: https://ev.gogo.gs/search?ac=27&page=18
2026-03-30 23:30:33 [INFO]   → 10 件のスタンドを保存 (累計: 925)
2026-03-30 23:30:33 [INFO] ページ 19 を取得中: https://ev.gogo.gs/search?ac=27&page=19
2026-03-30 23:30:41 [INFO]   → 10 件のスタンドを保存 (累計: 935)
2026-03-30 23:30:41 [INFO] ページ 20 を取得中: https://ev.gogo.gs/search?ac=27&page=20
2026-03-30 23:30:50 [INFO]   → 10 件のスタンドを保存 (累計: 945)
2026-03-30 23:30:50 [INFO] ページ 21 を取得中: https://ev.gogo.gs/search?ac=27&page=21
2026-03-30 23:31:03 [INFO]   → 10 件のスタンドを保存 (累計: 955)
2026-03-30 23:31:03 [INFO] ページ 22 を取得中: https://ev.gogo.gs/search?ac=27&page=22
2026-03-30 23:31:12 [INFO]   → 10 件のスタンドを保存 (累計: 965)
2026-03-30 23:31:12 [INFO] ページ 23 を取得中: https://ev.gogo.gs/search?ac=27&page=23
2026-03-30 23:31:21 [INFO]   → 10 件のスタンドを保存 (累計: 975)
2026-03-30 23:31:21 [INFO] ページ 24 を取得中: https://ev.gogo.gs/search?ac=27&page=24
2026-03-30 23:31:30 [INFO]   → 10 件のスタンドを保存 (累計: 985)
2026-03-30 23:31:30 [INFO] ページ 25 を取得中: https://ev.gogo.gs/search?ac=27&page=25
2026-03-30 23:31:39 [INFO]   → 10 件のスタンドを保存 (累計: 995)
2026-03-30 23:31:39 [INFO] ページ 26 を取得中: https://ev.gogo.gs/search?ac=27&page=26
2026-03-30 23:31:48 [INFO]   → 10 件のスタンドを保存 (累計: 1005)
2026-03-30 23:31:48 [INFO] ページ 27 を取得中: https://ev.gogo.gs/search?ac=27&page=27
2026-03-30 23:31:57 [INFO]   → 10 件のスタンドを保存 (累計: 1015)
2026-03-30 23:31:57 [INFO] ページ 28 を取得中: https://ev.gogo.gs/search?ac=27&page=28
2026-03-30 23:32:08 [INFO]   → 10 件のスタンドを保存 (累計: 1025)
2026-03-30 23:32:08 [INFO] ページ 29 を取得中: https://ev.gogo.gs/search?ac=27&page=29
2026-03-30 23:32:17 [INFO]   → 10 件のスタンドを保存 (累計: 1035)
2026-03-30 23:32:17 [INFO] ページ 30 を取得中: https://ev.gogo.gs/search?ac=27&page=30
2026-03-30 23:32:25 [INFO]   → 10 件のスタンドを保存 (累計: 1045)
2026-03-30 23:32:25 [INFO] ページ 31 を取得中: https://ev.gogo.gs/search?ac=27&page=31
2026-03-30 23:32:34 [INFO]   → 10 件のスタンドを保存 (累計: 1055)
2026-03-30 23:32:34 [INFO] ページ 32 を取得中: https://ev.gogo.gs/search?ac=27&page=32
2026-03-30 23:32:43 [INFO]   → 10 件のスタンドを保存 (累計: 1065)
2026-03-30 23:32:43 [INFO] ページ 33 を取得中: https://ev.gogo.gs/search?ac=27&page=33
2026-03-30 23:32:52 [INFO]   → 10 件のスタンドを保存 (累計: 1075)
2026-03-30 23:32:52 [INFO] ページ 34 を取得中: https://ev.gogo.gs/search?ac=27&page=34
2026-03-30 23:33:00 [INFO]   → 10 件のスタンドを保存 (累計: 1085)
2026-03-30 23:33:00 [INFO] ページ 35 を取得中: https://ev.gogo.gs/search?ac=27&page=35
2026-03-30 23:33:09 [INFO]   → 10 件のスタンドを保存 (累計: 1095)
2026-03-30 23:33:09 [INFO] ページ 36 を取得中: https://ev.gogo.gs/search?ac=27&page=36
2026-03-30 23:33:17 [INFO]   → 10 件のスタンドを保存 (累計: 1105)
2026-03-30 23:33:17 [INFO] ページ 37 を取得中: https://ev.gogo.gs/search?ac=27&page=37
2026-03-30 23:33:28 [INFO]   → 10 件のスタンドを保存 (累計: 1115)
2026-03-30 23:33:28 [INFO] ページ 38 を取得中: https://ev.gogo.gs/search?ac=27&page=38
2026-03-30 23:33:36 [INFO]   → 10 件のスタンドを保存 (累計: 1125)
2026-03-30 23:33:36 [INFO] ページ 39 を取得中: https://ev.gogo.gs/search?ac=27&page=39
2026-03-30 23:33:54 [INFO]   → 10 件のスタンドを保存 (累計: 1135)
2026-03-30 23:33:54 [INFO] ページ 40 を取得中: https://ev.gogo.gs/search?ac=27&page=40
2026-03-30 23:34:03 [INFO]   → 10 件のスタンドを保存 (累計: 1145)
2026-03-30 23:34:03 [INFO] ページ 41 を取得中: https://ev.gogo.gs/search?ac=27&page=41
2026-03-30 23:34:11 [INFO]   → 10 件のスタンドを保存 (累計: 1155)
2026-03-30 23:34:11 [INFO] ページ 42 を取得中: https://ev.gogo.gs/search?ac=27&page=42
2026-03-30 23:34:20 [INFO]   → 10 件のスタンドを保存 (累計: 1165)
2026-03-30 23:34:20 [INFO] ページ 43 を取得中: https://ev.gogo.gs/search?ac=27&page=43
2026-03-30 23:34:28 [INFO]   → 10 件のスタンドを保存 (累計: 1175)
2026-03-30 23:34:28 [INFO] ページ 44 を取得中: https://ev.gogo.gs/search?ac=27&page=44
2026-03-30 23:34:39 [INFO]   → 10 件のスタンドを保存 (累計: 1185)
2026-03-30 23:34:39 [INFO] ページ 45 を取得中: https://ev.gogo.gs/search?ac=27&page=45
2026-03-30 23:34:48 [INFO]   → 10 件のスタンドを保存 (累計: 1195)
2026-03-30 23:34:48 [INFO] ページ 46 を取得中: https://ev.gogo.gs/search?ac=27&page=46
2026-03-30 23:34:57 [INFO]   → 10 件のスタンドを保存 (累計: 1205)
2026-03-30 23:34:57 [INFO] ページ 47 を取得中: https://ev.gogo.gs/search?ac=27&page=47
2026-03-30 23:35:06 [INFO]   → 10 件のスタンドを保存 (累計: 1215)
2026-03-30 23:35:06 [INFO] ページ 48 を取得中: https://ev.gogo.gs/search?ac=27&page=48
2026-03-30 23:35:14 [INFO]   → 10 件のスタンドを保存 (累計: 1225)
2026-03-30 23:35:14 [INFO] ページ 49 を取得中: https://ev.gogo.gs/search?ac=27&page=49
2026-03-30 23:35:22 [INFO]   → 10 件のスタンドを保存 (累計: 1235)
2026-03-30 23:35:22 [INFO] ページ 50 を取得中: https://ev.gogo.gs/search?ac=27&page=50
2026-03-30 23:35:31 [INFO]   → 10 件のスタンドを保存 (累計: 1245)
2026-03-30 23:35:31 [INFO] ページ 51 を取得中: https://ev.gogo.gs/search?ac=27&page=51
2026-03-30 23:35:40 [INFO]   → 10 件のスタンドを保存 (累計: 1255)
2026-03-30 23:35:40 [INFO] ページ 52 を取得中: https://ev.gogo.gs/search?ac=27&page=52
2026-03-30 23:35:49 [INFO]   → 10 件のスタンドを保存 (累計: 1265)
2026-03-30 23:35:49 [INFO] ページ 53 を取得中: https://ev.gogo.gs/search?ac=27&page=53
2026-03-30 23:35:57 [INFO]   → 10 件のスタンドを保存 (累計: 1275)
2026-03-30 23:35:57 [INFO] ページ 54 を取得中: https://ev.gogo.gs/search?ac=27&page=54
2026-03-30 23:36:06 [INFO]   → 10 件のスタンドを保存 (累計: 1285)
2026-03-30 23:36:06 [INFO] ページ 55 を取得中: https://ev.gogo.gs/search?ac=27&page=55
2026-03-30 23:36:14 [INFO]   → 10 件のスタンドを保存 (累計: 1295)
2026-03-30 23:36:14 [INFO] ページ 56 を取得中: https://ev.gogo.gs/search?ac=27&page=56
2026-03-30 23:36:23 [INFO]   → 10 件のスタンドを保存 (累計: 1305)
2026-03-30 23:36:23 [INFO] ページ 57 を取得中: https://ev.gogo.gs/search?ac=27&page=57
2026-03-30 23:36:32 [INFO]   → 10 件のスタンドを保存 (累計: 1315)
2026-03-30 23:36:32 [INFO] ページ 58 を取得中: https://ev.gogo.gs/search?ac=27&page=58
2026-03-30 23:36:43 [INFO]   → 10 件のスタンドを保存 (累計: 1325)
2026-03-30 23:36:43 [INFO] ページ 59 を取得中: https://ev.gogo.gs/search?ac=27&page=59
2026-03-30 23:36:52 [INFO]   → 10 件のスタンドを保存 (累計: 1335)
2026-03-30 23:36:52 [INFO] ページ 60 を取得中: https://ev.gogo.gs/search?ac=27&page=60
2026-03-30 23:37:00 [INFO]   → 10 件のスタンドを保存 (累計: 1345)
2026-03-30 23:37:00 [INFO] ページ 61 を取得中: https://ev.gogo.gs/search?ac=27&page=61
2026-03-30 23:37:09 [INFO]   → 10 件のスタンドを保存 (累計: 1355)
2026-03-30 23:37:09 [INFO] ページ 62 を取得中: https://ev.gogo.gs/search?ac=27&page=62
2026-03-30 23:37:17 [INFO]   → 10 件のスタンドを保存 (累計: 1365)
2026-03-30 23:37:17 [INFO] ページ 63 を取得中: https://ev.gogo.gs/search?ac=27&page=63
2026-03-30 23:37:28 [INFO]   → 10 件のスタンドを保存 (累計: 1375)
2026-03-30 23:37:28 [INFO] ページ 64 を取得中: https://ev.gogo.gs/search?ac=27&page=64
2026-03-30 23:37:36 [INFO]   → 10 件のスタンドを保存 (累計: 1385)
2026-03-30 23:37:36 [INFO] ページ 65 を取得中: https://ev.gogo.gs/search?ac=27&page=65
2026-03-30 23:37:47 [INFO]   → 10 件のスタンドを保存 (累計: 1395)
2026-03-30 23:37:47 [INFO] ページ 66 を取得中: https://ev.gogo.gs/search?ac=27&page=66
2026-03-30 23:37:55 [INFO]   → 10 件のスタンドを保存 (累計: 1405)
2026-03-30 23:37:55 [INFO] ページ 67 を取得中: https://ev.gogo.gs/search?ac=27&page=67
2026-03-30 23:38:04 [INFO]   → 10 件のスタンドを保存 (累計: 1415)
2026-03-30 23:38:04 [INFO] ページ 68 を取得中: https://ev.gogo.gs/search?ac=27&page=68
2026-03-30 23:38:12 [INFO]   → 10 件のスタンドを保存 (累計: 1425)
2026-03-30 23:38:12 [INFO] ページ 69 を取得中: https://ev.gogo.gs/search?ac=27&page=69
2026-03-30 23:38:20 [INFO]   → 10 件のスタンドを保存 (累計: 1435)
2026-03-30 23:38:20 [INFO] ページ 70 を取得中: https://ev.gogo.gs/search?ac=27&page=70
2026-03-30 23:38:29 [INFO]   → 10 件のスタンドを保存 (累計: 1445)
2026-03-30 23:38:29 [INFO] ページ 71 を取得中: https://ev.gogo.gs/search?ac=27&page=71
2026-03-30 23:38:37 [INFO]   → 10 件のスタンドを保存 (累計: 1455)
2026-03-30 23:38:37 [INFO] ページ 72 を取得中: https://ev.gogo.gs/search?ac=27&page=72
2026-03-30 23:38:45 [INFO]   → 10 件のスタンドを保存 (累計: 1465)
2026-03-30 23:38:45 [INFO] ページ 73 を取得中: https://ev.gogo.gs/search?ac=27&page=73
2026-03-30 23:38:54 [INFO]   → 10 件のスタンドを保存 (累計: 1475)
2026-03-30 23:38:54 [INFO] ページ 74 を取得中: https://ev.gogo.gs/search?ac=27&page=74
2026-03-30 23:39:02 [INFO]   → 10 件のスタンドを保存 (累計: 1485)
2026-03-30 23:39:02 [INFO] ページ 75 を取得中: https://ev.gogo.gs/search?ac=27&page=75
2026-03-30 23:39:10 [INFO]   → 10 件のスタンドを保存 (累計: 1495)
2026-03-30 23:39:10 [INFO] ページ 76 を取得中: https://ev.gogo.gs/search?ac=27&page=76
2026-03-30 23:39:18 [INFO]   → 10 件のスタンドを保存 (累計: 1505)
2026-03-30 23:39:18 [INFO] ページ 77 を取得中: https://ev.gogo.gs/search?ac=27&page=77
2026-03-30 23:39:27 [INFO]   → 10 件のスタンドを保存 (累計: 1515)
2026-03-30 23:39:27 [INFO] ページ 78 を取得中: https://ev.gogo.gs/search?ac=27&page=78
2026-03-30 23:39:35 [INFO]   → 10 件のスタンドを保存 (累計: 1525)
2026-03-30 23:39:35 [INFO] ページ 79 を取得中: https://ev.gogo.gs/search?ac=27&page=79
2026-03-30 23:39:43 [INFO]   → 10 件のスタンドを保存 (累計: 1535)
2026-03-30 23:39:43 [INFO] ページ 80 を取得中: https://ev.gogo.gs/search?ac=27&page=80
2026-03-30 23:39:52 [INFO]   → 10 件のスタンドを保存 (累計: 1545)
2026-03-30 23:39:52 [INFO] ページ 81 を取得中: https://ev.gogo.gs/search?ac=27&page=81
2026-03-30 23:40:00 [INFO]   → 10 件のスタンドを保存 (累計: 1555)
2026-03-30 23:40:00 [INFO] ページ 82 を取得中: https://ev.gogo.gs/search?ac=27&page=82
2026-03-30 23:40:08 [INFO]   → 10 件のスタンドを保存 (累計: 1565)
2026-03-30 23:40:08 [INFO] ページ 83 を取得中: https://ev.gogo.gs/search?ac=27&page=83
2026-03-30 23:40:17 [INFO]   → 10 件のスタンドを保存 (累計: 1575)
2026-03-30 23:40:17 [INFO] ページ 84 を取得中: https://ev.gogo.gs/search?ac=27&page=84
2026-03-30 23:40:24 [INFO]   → 10 件のスタンドを保存 (累計: 1585)
2026-03-30 23:40:24 [INFO] ページ 85 を取得中: https://ev.gogo.gs/search?ac=27&page=85
2026-03-30 23:40:33 [INFO]   → 10 件のスタンドを保存 (累計: 1595)
2026-03-30 23:40:33 [INFO] ページ 86 を取得中: https://ev.gogo.gs/search?ac=27&page=86
2026-03-30 23:40:41 [INFO]   → 10 件のスタンドを保存 (累計: 1605)
2026-03-30 23:40:41 [INFO] ページ 87 を取得中: https://ev.gogo.gs/search?ac=27&page=87
2026-03-30 23:40:49 [INFO]   → 10 件のスタンドを保存 (累計: 1615)
2026-03-30 23:40:49 [INFO] ページ 88 を取得中: https://ev.gogo.gs/search?ac=27&page=88
2026-03-30 23:40:57 [INFO]   → 10 件のスタンドを保存 (累計: 1625)
2026-03-30 23:40:57 [INFO] ページ 89 を取得中: https://ev.gogo.gs/search?ac=27&page=89
2026-03-30 23:41:06 [INFO]   → 10 件のスタンドを保存 (累計: 1635)
2026-03-30 23:41:06 [INFO] ページ 90 を取得中: https://ev.gogo.gs/search?ac=27&page=90
2026-03-30 23:41:14 [INFO]   → 10 件のスタンドを保存 (累計: 1645)
2026-03-30 23:41:14 [INFO] ページ 91 を取得中: https://ev.gogo.gs/search?ac=27&page=91
2026-03-30 23:41:22 [INFO]   → 10 件のスタンドを保存 (累計: 1655)
2026-03-30 23:41:22 [INFO] ページ 92 を取得中: https://ev.gogo.gs/search?ac=27&page=92
2026-03-30 23:41:30 [INFO]   → 10 件のスタンドを保存 (累計: 1665)
2026-03-30 23:41:30 [INFO] ページ 93 を取得中: https://ev.gogo.gs/search?ac=27&page=93
2026-03-30 23:41:39 [INFO]   → 10 件のスタンドを保存 (累計: 1675)
2026-03-30 23:41:39 [INFO] ページ 94 を取得中: https://ev.gogo.gs/search?ac=27&page=94
2026-03-30 23:41:47 [INFO]   → 10 件のスタンドを保存 (累計: 1685)
2026-03-30 23:41:47 [INFO] ページ 95 を取得中: https://ev.gogo.gs/search?ac=27&page=95
2026-03-30 23:41:55 [INFO]   → 10 件のスタンドを保存 (累計: 1695)
2026-03-30 23:41:55 [INFO] ページ 96 を取得中: https://ev.gogo.gs/search?ac=27&page=96
2026-03-30 23:42:07 [INFO]   → 10 件のスタンドを保存 (累計: 1705)
2026-03-30 23:42:07 [INFO] ページ 97 を取得中: https://ev.gogo.gs/search?ac=27&page=97
2026-03-30 23:42:15 [INFO]   → 10 件のスタンドを保存 (累計: 1715)
2026-03-30 23:42:15 [INFO] ページ 98 を取得中: https://ev.gogo.gs/search?ac=27&page=98
2026-03-30 23:42:24 [INFO]   → 10 件のスタンドを保存 (累計: 1725)
2026-03-30 23:42:24 [INFO] ページ 99 を取得中: https://ev.gogo.gs/search?ac=27&page=99
2026-03-30 23:42:32 [INFO]   → 10 件のスタンドを保存 (累計: 1735)
2026-03-30 23:42:32 [INFO] ページ 100 を取得中: https://ev.gogo.gs/search?ac=27&page=100
2026-03-30 23:42:40 [INFO]   → 10 件のスタンドを保存 (累計: 1745)
2026-03-30 23:42:40 [INFO] ページ 101 を取得中: https://ev.gogo.gs/search?ac=27&page=101
2026-03-30 23:42:48 [INFO]   → 10 件のスタンドを保存 (累計: 1755)
2026-03-30 23:42:48 [INFO] ページ 102 を取得中: https://ev.gogo.gs/search?ac=27&page=102
2026-03-30 23:42:57 [INFO]   → 10 件のスタンドを保存 (累計: 1765)
2026-03-30 23:42:57 [INFO] ページ 103 を取得中: https://ev.gogo.gs/search?ac=27&page=103
2026-03-30 23:43:05 [INFO]   → 10 件のスタンドを保存 (累計: 1775)
2026-03-30 23:43:05 [INFO] ページ 104 を取得中: https://ev.gogo.gs/search?ac=27&page=104
2026-03-30 23:43:14 [INFO]   → 10 件のスタンドを保存 (累計: 1785)
2026-03-30 23:43:14 [INFO] ページ 105 を取得中: https://ev.gogo.gs/search?ac=27&page=105
2026-03-30 23:43:22 [INFO]   → 10 件のスタンドを保存 (累計: 1795)
2026-03-30 23:43:22 [INFO] ページ 106 を取得中: https://ev.gogo.gs/search?ac=27&page=106
2026-03-30 23:43:30 [INFO]   → 10 件のスタンドを保存 (累計: 1805)
2026-03-30 23:43:30 [INFO] ページ 107 を取得中: https://ev.gogo.gs/search?ac=27&page=107
2026-03-30 23:43:39 [INFO]   → 10 件のスタンドを保存 (累計: 1815)
2026-03-30 23:43:39 [INFO] ページ 108 を取得中: https://ev.gogo.gs/search?ac=27&page=108
2026-03-30 23:43:50 [INFO]   → 10 件のスタンドを保存 (累計: 1825)
2026-03-30 23:43:50 [INFO] ページ 109 を取得中: https://ev.gogo.gs/search?ac=27&page=109
2026-03-30 23:44:01 [INFO]   → 10 件のスタンドを保存 (累計: 1835)
2026-03-30 23:44:01 [INFO] ページ 110 を取得中: https://ev.gogo.gs/search?ac=27&page=110
2026-03-30 23:44:09 [INFO]   → 10 件のスタンドを保存 (累計: 1845)
2026-03-30 23:44:09 [INFO] ページ 111 を取得中: https://ev.gogo.gs/search?ac=27&page=111
2026-03-30 23:44:18 [INFO]   → 10 件のスタンドを保存 (累計: 1855)
2026-03-30 23:44:18 [INFO] ページ 112 を取得中: https://ev.gogo.gs/search?ac=27&page=112
2026-03-30 23:44:26 [INFO]   → 10 件のスタンドを保存 (累計: 1865)
2026-03-30 23:44:26 [INFO] ページ 113 を取得中: https://ev.gogo.gs/search?ac=27&page=113
2026-03-30 23:44:34 [INFO]   → 10 件のスタンドを保存 (累計: 1875)
2026-03-30 23:44:34 [INFO] ページ 114 を取得中: https://ev.gogo.gs/search?ac=27&page=114
2026-03-30 23:44:42 [INFO]   → 10 件のスタンドを保存 (累計: 1885)
2026-03-30 23:44:42 [INFO] ページ 115 を取得中: https://ev.gogo.gs/search?ac=27&page=115
2026-03-30 23:44:50 [INFO]   → 10 件のスタンドを保存 (累計: 1895)
2026-03-30 23:44:50 [INFO] ページ 116 を取得中: https://ev.gogo.gs/search?ac=27&page=116
2026-03-30 23:44:59 [INFO]   → 10 件のスタンドを保存 (累計: 1905)
2026-03-30 23:44:59 [INFO] ページ 117 を取得中: https://ev.gogo.gs/search?ac=27&page=117
2026-03-30 23:45:07 [INFO]   → 10 件のスタンドを保存 (累計: 1915)
2026-03-30 23:45:07 [INFO] ページ 118 を取得中: https://ev.gogo.gs/search?ac=27&page=118
2026-03-30 23:45:15 [INFO]   → 10 件のスタンドを保存 (累計: 1925)
2026-03-30 23:45:15 [INFO] ページ 119 を取得中: https://ev.gogo.gs/search?ac=27&page=119
2026-03-30 23:45:27 [INFO]   → 10 件のスタンドを保存 (累計: 1935)
2026-03-30 23:45:27 [INFO] ページ 120 を取得中: https://ev.gogo.gs/search?ac=27&page=120
2026-03-30 23:45:37 [INFO]   → 10 件のスタンドを保存 (累計: 1945)
2026-03-30 23:45:37 [INFO] ページ 121 を取得中: https://ev.gogo.gs/search?ac=27&page=121
2026-03-30 23:45:45 [INFO]   → 10 件のスタンドを保存 (累計: 1955)
2026-03-30 23:45:45 [INFO] ページ 122 を取得中: https://ev.gogo.gs/search?ac=27&page=122
2026-03-30 23:45:54 [INFO]   → 10 件のスタンドを保存 (累計: 1965)
2026-03-30 23:45:54 [INFO] ページ 123 を取得中: https://ev.gogo.gs/search?ac=27&page=123
2026-03-30 23:46:03 [INFO]   → 10 件のスタンドを保存 (累計: 1975)
2026-03-30 23:46:03 [INFO] ページ 124 を取得中: https://ev.gogo.gs/search?ac=27&page=124
2026-03-30 23:46:12 [INFO]   → 10 件のスタンドを保存 (累計: 1985)
2026-03-30 23:46:12 [INFO] ページ 125 を取得中: https://ev.gogo.gs/search?ac=27&page=125
2026-03-30 23:46:22 [INFO]   → 10 件のスタンドを保存 (累計: 1995)
2026-03-30 23:46:22 [INFO] ページ 126 を取得中: https://ev.gogo.gs/search?ac=27&page=126
2026-03-30 23:46:31 [INFO]   → 10 件のスタンドを保存 (累計: 2005)
2026-03-30 23:46:31 [INFO] ページ 127 を取得中: https://ev.gogo.gs/search?ac=27&page=127
2026-03-30 23:46:41 [INFO]   → 10 件のスタンドを保存 (累計: 2015)
2026-03-30 23:46:41 [INFO] ページ 128 を取得中: https://ev.gogo.gs/search?ac=27&page=128
2026-03-30 23:46:50 [INFO]   → 10 件のスタンドを保存 (累計: 2025)
2026-03-30 23:46:50 [INFO] ページ 129 を取得中: https://ev.gogo.gs/search?ac=27&page=129
2026-03-30 23:47:02 [INFO]   → 10 件のスタンドを保存 (累計: 2035)
2026-03-30 23:47:02 [INFO] ページ 130 を取得中: https://ev.gogo.gs/search?ac=27&page=130
2026-03-30 23:47:12 [INFO]   → 10 件のスタンドを保存 (累計: 2045)
2026-03-30 23:47:12 [INFO] ページ 131 を取得中: https://ev.gogo.gs/search?ac=27&page=131
2026-03-30 23:47:21 [INFO]   → 10 件のスタンドを保存 (累計: 2055)
2026-03-30 23:47:21 [INFO] ページ 132 を取得中: https://ev.gogo.gs/search?ac=27&page=132
2026-03-30 23:47:34 [INFO]   → 10 件のスタンドを保存 (累計: 2065)
2026-03-30 23:47:34 [INFO] ページ 133 を取得中: https://ev.gogo.gs/search?ac=27&page=133
2026-03-30 23:47:42 [INFO]   → 2 件のスタンドを保存 (累計: 2067)
2026-03-30 23:47:42 [INFO] === 詳細ページの取得開始 ===
2026-03-30 23:47:42 [INFO] 詳細未取得のスタンド: 1322 件
2026-03-30 23:47:42 [INFO]   [1/1322] 詳細取得中: 14034
2026-03-30 23:47:55 [INFO]   [2/1322] 詳細取得中: 1qwavali
2026-03-30 23:48:05 [INFO]   [3/1322] 詳細取得中: 1qwasfrg
2026-03-30 23:48:14 [INFO]   [4/1322] 詳細取得中: 12703
2026-03-30 23:48:22 [INFO]   [5/1322] 詳細取得中: 1re9jm8f
2026-03-30 23:48:32 [INFO]   [6/1322] 詳細取得中: 27lp36vx
2026-03-30 23:48:44 [INFO]   [7/1322] 詳細取得中: 1scj8fyf
2026-03-30 23:48:52 [INFO]   [8/1322] 詳細取得中: 24x7wh4z
2026-03-30 23:49:01 [INFO]   [9/1322] 詳細取得中: 22tu6g9y
2026-03-30 23:49:11 [INFO]   [10/1322] 詳細取得中: 23phl6l6
2026-03-30 23:49:20 [INFO]   進捗: 10/1322 (0%)
2026-03-30 23:49:20 [INFO]   [11/1322] 詳細取得中: 298uiuy5
2026-03-30 23:49:29 [INFO]   [12/1322] 詳細取得中: cidd
2026-03-30 23:49:37 [INFO]   [13/1322] 詳細取得中: 27w8x0re
2026-03-30 23:49:48 [INFO]   [14/1322] 詳細取得中: 27g61kec
2026-03-30 23:49:56 [INFO]   [15/1322] 詳細取得中: 209r9eot
2026-03-30 23:50:05 [INFO]   [16/1322] 詳細取得中: 28oodosu
2026-03-30 23:50:14 [INFO]   [17/1322] 詳細取得中: 28tov8ov
2026-03-30 23:50:23 [INFO]   [18/1322] 詳細取得中: 28v9tq1m
2026-03-30 23:50:32 [INFO]   [19/1322] 詳細取得中: 25z81ev7
2026-03-30 23:50:40 [INFO]   [20/1322] 詳細取得中: 25z82fzd
2026-03-30 23:50:50 [INFO]   進捗: 20/1322 (1%)
2026-03-30 23:50:50 [INFO]   [21/1322] 詳細取得中: 25zd4cne
2026-03-30 23:50:58 [INFO]   [22/1322] 詳細取得中: 27gd3ees
2026-03-30 23:51:11 [INFO]   [23/1322] 詳細取得中: 264ihhkb
2026-03-30 23:51:20 [INFO]   [24/1322] 詳細取得中: 26zikcsb
2026-03-30 23:51:29 [INFO]   [25/1322] 詳細取得中: 27fddq6b
2026-03-30 23:51:39 [INFO]   [26/1322] 詳細取得中: 1qhp5fgv
2026-03-30 23:51:48 [INFO]   [27/1322] 詳細取得中: 28y61uy3
2026-03-30 23:51:56 [INFO]   [28/1322] 詳細取得中: 28yjnos0
2026-03-30 23:52:06 [INFO]   [29/1322] 詳細取得中: 28y61v6a
2026-03-30 23:52:15 [INFO]   [30/1322] 詳細取得中: 2924ivsm
2026-03-30 23:52:23 [INFO]   進捗: 30/1322 (2%)
2026-03-30 23:52:23 [INFO]   [31/1322] 詳細取得中: 2924fag8
2026-03-30 23:52:32 [INFO]   [32/1322] 詳細取得中: 289kyfl9
2026-03-30 23:52:42 [INFO]   [33/1322] 詳細取得中: 29392q43
2026-03-30 23:52:52 [INFO]   [34/1322] 詳細取得中: 29392qen
2026-03-30 23:53:01 [INFO]   [35/1322] 詳細取得中: 11210
2026-03-30 23:53:09 [INFO]   [36/1322] 詳細取得中: 1xqqzqbd
2026-03-30 23:53:17 [INFO]   [37/1322] 詳細取得中: 10578
2026-03-30 23:53:26 [INFO]   [38/1322] 詳細取得中: 12688
2026-03-30 23:53:35 [INFO]   [39/1322] 詳細取得中: 24z43x4c
2026-03-30 23:53:43 [INFO]   [40/1322] 詳細取得中: 1tpwi0mg
2026-03-30 23:53:51 [INFO]   進捗: 40/1322 (3%)
2026-03-30 23:53:51 [INFO]   [41/1322] 詳細取得中: 255sqjut
2026-03-30 23:53:59 [INFO]   [42/1322] 詳細取得中: 28pobne3
2026-03-30 23:54:09 [INFO]   [43/1322] 詳細取得中: 12640
2026-03-30 23:54:18 [INFO]   [44/1322] 詳細取得中: nrp9
2026-03-30 23:54:27 [INFO]   [45/1322] 詳細取得中: 24z43m7x
2026-03-30 23:54:37 [INFO]   [46/1322] 詳細取得中: 265uy4kb
2026-03-30 23:54:46 [INFO]   [47/1322] 詳細取得中: 26bdfnkz
2026-03-30 23:54:54 [INFO]   [48/1322] 詳細取得中: 13466
2026-03-30 23:55:03 [INFO]   [49/1322] 詳細取得中: 27cslob5
2026-03-30 23:55:11 [INFO]   [50/1322] 詳細取得中: 27ipchez
2026-03-30 23:55:19 [INFO]   進捗: 50/1322 (3%)
2026-03-30 23:55:19 [INFO]   [51/1322] 詳細取得中: 27gpe4aa
2026-03-30 23:55:28 [INFO]   [52/1322] 詳細取得中: 299e6vcf
2026-03-30 23:55:36 [INFO]   [53/1322] 詳細取得中: 299e6kqq
2026-03-30 23:55:44 [INFO]   [54/1322] 詳細取得中: 299e601v
2026-03-30 23:55:52 [INFO]   [55/1322] 詳細取得中: 23p2vjpo
2026-03-30 23:56:04 [INFO]   [56/1322] 詳細取得中: 23lnqp6c
2026-03-30 23:56:12 [INFO]   [57/1322] 詳細取得中: 13280
2026-03-30 23:56:20 [INFO]   [58/1322] 詳細取得中: 1x2wo93t
2026-03-30 23:56:28 [INFO]   [59/1322] 詳細取得中: 1v56ts80
2026-03-30 23:56:37 [INFO]   [60/1322] 詳細取得中: 1uv4ll1g
2026-03-30 23:56:45 [INFO]   進捗: 60/1322 (4%)
2026-03-30 23:56:45 [INFO]   [61/1322] 詳細取得中: 12683
2026-03-30 23:56:54 [INFO]   [62/1322] 詳細取得中: 1s9qv794
2026-03-30 23:57:02 [INFO]   [63/1322] 詳細取得中: 1s1eurcr
2026-03-30 23:57:11 [INFO]   [64/1322] 詳細取得中: 1qog8s4y
2026-03-30 23:57:19 [INFO]   [65/1322] 詳細取得中: 1qcv6b9y
2026-03-30 23:57:27 [INFO]   [66/1322] 詳細取得中: 1qcv5ycf
2026-03-30 23:57:36 [INFO]   [67/1322] 詳細取得中: 1qcv5izl
2026-03-30 23:57:44 [INFO]   [68/1322] 詳細取得中: 1qcv4rzl
2026-03-30 23:57:52 [INFO]   [69/1322] 詳細取得中: 1q7tx5fs
2026-03-30 23:58:00 [INFO]   [70/1322] 詳細取得中: 15122
2026-03-30 23:58:09 [INFO]   進捗: 70/1322 (5%)
2026-03-30 23:58:09 [INFO]   [71/1322] 詳細取得中: 14550
2026-03-30 23:58:17 [INFO]   [72/1322] 詳細取得中: 14546
2026-03-30 23:58:26 [INFO]   [73/1322] 詳細取得中: 14543
2026-03-30 23:58:34 [INFO]   [74/1322] 詳細取得中: 1rbl4v5v
2026-03-30 23:58:42 [INFO]   [75/1322] 詳細取得中: 1qtu6dsb
2026-03-30 23:58:51 [INFO]   [76/1322] 詳細取得中: 1qogd6uo
2026-03-30 23:58:59 [INFO]   [77/1322] 詳細取得中: 1qcv8q2x
2026-03-30 23:59:08 [INFO]   [78/1322] 詳細取得中: 1qcv797k
2026-03-30 23:59:16 [INFO]   [79/1322] 詳細取得中: 1qcufffx
2026-03-30 23:59:24 [INFO]   [80/1322] 詳細取得中: 14556
2026-03-30 23:59:32 [INFO]   進捗: 80/1322 (6%)
2026-03-30 23:59:32 [INFO]   [81/1322] 詳細取得中: 14555
2026-03-30 23:59:41 [INFO]   [82/1322] 詳細取得中: 14554
2026-03-30 23:59:49 [INFO]   [83/1322] 詳細取得中: 14553
2026-03-30 23:59:57 [INFO]   [84/1322] 詳細取得中: 14552
2026-03-31 00:00:06 [INFO]   [85/1322] 詳細取得中: 14549
2026-03-31 00:00:17 [INFO]   [86/1322] 詳細取得中: 14548
2026-03-31 00:00:30 [ERROR] 都道府県 27 でエラー: database is locked
2026-03-31 00:00:30 [INFO] === 兵庫県 (28) のスクレイピング開始 ===
2026-03-31 00:00:30 [INFO] 前回の続き: ページ 2 から再開
2026-03-31 00:00:30 [INFO] ページ 2 を取得中: https://ev.gogo.gs/search?ac=28&page=2
2026-03-31 00:00:36 [INFO] 総ページ数: 100
2026-03-31 00:00:42 [INFO]   → 10 件のスタンドを保存 (累計: 2077)
2026-03-31 00:00:42 [INFO] ページ 3 を取得中: https://ev.gogo.gs/search?ac=28&page=3
2026-03-31 00:00:50 [INFO]   → 10 件のスタンドを保存 (累計: 2087)
2026-03-31 00:00:50 [INFO] ページ 4 を取得中: https://ev.gogo.gs/search?ac=28&page=4
2026-03-31 00:00:58 [INFO]   → 10 件のスタンドを保存 (累計: 2097)
2026-03-31 00:00:58 [INFO] ページ 5 を取得中: https://ev.gogo.gs/search?ac=28&page=5
2026-03-31 00:01:07 [INFO]   → 10 件のスタンドを保存 (累計: 2107)
2026-03-31 00:01:07 [INFO] ページ 6 を取得中: https://ev.gogo.gs/search?ac=28&page=6
2026-03-31 00:01:15 [INFO]   → 10 件のスタンドを保存 (累計: 2117)
2026-03-31 00:01:15 [INFO] ページ 7 を取得中: https://ev.gogo.gs/search?ac=28&page=7
2026-03-31 00:01:23 [INFO]   → 10 件のスタンドを保存 (累計: 2127)
2026-03-31 00:01:23 [INFO] ページ 8 を取得中: https://ev.gogo.gs/search?ac=28&page=8
2026-03-31 00:01:32 [INFO]   → 10 件のスタンドを保存 (累計: 2137)
2026-03-31 00:01:32 [INFO] ページ 9 を取得中: https://ev.gogo.gs/search?ac=28&page=9
2026-03-31 00:01:40 [INFO]   → 10 件のスタンドを保存 (累計: 2147)
2026-03-31 00:01:40 [INFO] ページ 10 を取得中: https://ev.gogo.gs/search?ac=28&page=10
2026-03-31 00:01:48 [INFO]   → 10 件のスタンドを保存 (累計: 2157)
2026-03-31 00:01:48 [INFO] ページ 11 を取得中: https://ev.gogo.gs/search?ac=28&page=11
2026-03-31 00:01:57 [INFO]   → 10 件のスタンドを保存 (累計: 2167)
2026-03-31 00:01:57 [INFO] ページ 12 を取得中: https://ev.gogo.gs/search?ac=28&page=12
2026-03-31 00:02:05 [INFO]   → 10 件のスタンドを保存 (累計: 2177)
2026-03-31 00:02:05 [INFO] ページ 13 を取得中: https://ev.gogo.gs/search?ac=28&page=13
2026-03-31 00:02:14 [INFO]   → 10 件のスタンドを保存 (累計: 2187)
2026-03-31 00:02:14 [INFO] ページ 14 を取得中: https://ev.gogo.gs/search?ac=28&page=14
2026-03-31 00:02:22 [INFO]   → 10 件のスタンドを保存 (累計: 2197)
2026-03-31 00:02:22 [INFO] ページ 15 を取得中: https://ev.gogo.gs/search?ac=28&page=15
2026-03-31 00:02:30 [INFO]   → 10 件のスタンドを保存 (累計: 2207)
2026-03-31 00:02:30 [INFO] ページ 16 を取得中: https://ev.gogo.gs/search?ac=28&page=16
2026-03-31 00:02:39 [INFO]   → 10 件のスタンドを保存 (累計: 2217)
2026-03-31 00:02:39 [INFO] ページ 17 を取得中: https://ev.gogo.gs/search?ac=28&page=17
2026-03-31 00:02:47 [INFO]   → 10 件のスタンドを保存 (累計: 2227)
2026-03-31 00:02:47 [INFO] ページ 18 を取得中: https://ev.gogo.gs/search?ac=28&page=18
2026-03-31 00:02:55 [INFO]   → 10 件のスタンドを保存 (累計: 2237)
2026-03-31 00:02:55 [INFO] ページ 19 を取得中: https://ev.gogo.gs/search?ac=28&page=19
2026-03-31 00:03:04 [INFO]   → 10 件のスタンドを保存 (累計: 2247)
2026-03-31 00:03:04 [INFO] ページ 20 を取得中: https://ev.gogo.gs/search?ac=28&page=20
2026-03-31 00:03:12 [INFO]   → 10 件のスタンドを保存 (累計: 2257)
2026-03-31 00:03:12 [INFO] ページ 21 を取得中: https://ev.gogo.gs/search?ac=28&page=21
2026-03-31 00:03:24 [INFO]   → 10 件のスタンドを保存 (累計: 2267)
2026-03-31 00:03:24 [INFO] ページ 22 を取得中: https://ev.gogo.gs/search?ac=28&page=22
2026-03-31 00:03:32 [INFO]   → 10 件のスタンドを保存 (累計: 2277)
2026-03-31 00:03:32 [INFO] ページ 23 を取得中: https://ev.gogo.gs/search?ac=28&page=23
2026-03-31 00:03:41 [INFO]   → 10 件のスタンドを保存 (累計: 2287)
2026-03-31 00:03:41 [INFO] ページ 24 を取得中: https://ev.gogo.gs/search?ac=28&page=24
2026-03-31 00:03:49 [INFO]   → 10 件のスタンドを保存 (累計: 2297)
2026-03-31 00:03:49 [INFO] ページ 25 を取得中: https://ev.gogo.gs/search?ac=28&page=25
2026-03-31 00:03:57 [INFO]   → 10 件のスタンドを保存 (累計: 2307)
2026-03-31 00:03:57 [INFO] ページ 26 を取得中: https://ev.gogo.gs/search?ac=28&page=26
2026-03-31 00:04:05 [INFO]   → 10 件のスタンドを保存 (累計: 2317)
2026-03-31 00:04:05 [INFO] ページ 27 を取得中: https://ev.gogo.gs/search?ac=28&page=27
2026-03-31 00:04:13 [INFO]   → 10 件のスタンドを保存 (累計: 2327)
2026-03-31 00:04:13 [INFO] ページ 28 を取得中: https://ev.gogo.gs/search?ac=28&page=28
2026-03-31 00:04:21 [INFO]   → 10 件のスタンドを保存 (累計: 2337)
2026-03-31 00:04:21 [INFO] ページ 29 を取得中: https://ev.gogo.gs/search?ac=28&page=29
2026-03-31 00:04:29 [INFO]   → 10 件のスタンドを保存 (累計: 2347)
2026-03-31 00:04:29 [INFO] ページ 30 を取得中: https://ev.gogo.gs/search?ac=28&page=30
2026-03-31 00:04:37 [INFO]   → 10 件のスタンドを保存 (累計: 2357)
2026-03-31 00:04:37 [INFO] ページ 31 を取得中: https://ev.gogo.gs/search?ac=28&page=31
2026-03-31 00:04:45 [INFO]   → 10 件のスタンドを保存 (累計: 2367)
2026-03-31 00:04:45 [INFO] ページ 32 を取得中: https://ev.gogo.gs/search?ac=28&page=32
2026-03-31 00:04:54 [INFO]   → 10 件のスタンドを保存 (累計: 2377)
2026-03-31 00:04:54 [INFO] ページ 33 を取得中: https://ev.gogo.gs/search?ac=28&page=33
2026-03-31 00:05:02 [INFO]   → 10 件のスタンドを保存 (累計: 2387)
2026-03-31 00:05:02 [INFO] ページ 34 を取得中: https://ev.gogo.gs/search?ac=28&page=34
2026-03-31 00:05:11 [INFO]   → 10 件のスタンドを保存 (累計: 2397)
2026-03-31 00:05:11 [INFO] ページ 35 を取得中: https://ev.gogo.gs/search?ac=28&page=35
2026-03-31 00:05:19 [INFO]   → 10 件のスタンドを保存 (累計: 2407)
2026-03-31 00:05:19 [INFO] ページ 36 を取得中: https://ev.gogo.gs/search?ac=28&page=36
2026-03-31 00:05:27 [INFO]   → 10 件のスタンドを保存 (累計: 2417)
2026-03-31 00:05:27 [INFO] ページ 37 を取得中: https://ev.gogo.gs/search?ac=28&page=37
2026-03-31 00:05:35 [INFO]   → 10 件のスタンドを保存 (累計: 2427)
2026-03-31 00:05:35 [INFO] ページ 38 を取得中: https://ev.gogo.gs/search?ac=28&page=38
2026-03-31 00:05:44 [INFO]   → 10 件のスタンドを保存 (累計: 2437)
2026-03-31 00:05:44 [INFO] ページ 39 を取得中: https://ev.gogo.gs/search?ac=28&page=39
2026-03-31 00:05:52 [INFO]   → 10 件のスタンドを保存 (累計: 2447)
2026-03-31 00:05:52 [INFO] ページ 40 を取得中: https://ev.gogo.gs/search?ac=28&page=40
2026-03-31 00:06:01 [INFO]   → 10 件のスタンドを保存 (累計: 2457)
2026-03-31 00:06:01 [INFO] ページ 41 を取得中: https://ev.gogo.gs/search?ac=28&page=41
2026-03-31 00:06:10 [INFO]   → 10 件のスタンドを保存 (累計: 2467)
2026-03-31 00:06:10 [INFO] ページ 42 を取得中: https://ev.gogo.gs/search?ac=28&page=42
2026-03-31 00:06:18 [INFO]   → 10 件のスタンドを保存 (累計: 2477)
2026-03-31 00:06:18 [INFO] ページ 43 を取得中: https://ev.gogo.gs/search?ac=28&page=43
2026-03-31 00:06:26 [INFO]   → 10 件のスタンドを保存 (累計: 2487)
2026-03-31 00:06:26 [INFO] ページ 44 を取得中: https://ev.gogo.gs/search?ac=28&page=44
2026-03-31 00:06:35 [INFO]   → 10 件のスタンドを保存 (累計: 2497)
2026-03-31 00:06:35 [INFO] ページ 45 を取得中: https://ev.gogo.gs/search?ac=28&page=45
2026-03-31 00:06:43 [INFO]   → 10 件のスタンドを保存 (累計: 2507)
2026-03-31 00:06:43 [INFO] ページ 46 を取得中: https://ev.gogo.gs/search?ac=28&page=46
2026-03-31 00:06:51 [INFO]   → 10 件のスタンドを保存 (累計: 2517)
2026-03-31 00:06:51 [INFO] ページ 47 を取得中: https://ev.gogo.gs/search?ac=28&page=47
2026-03-31 00:06:59 [INFO]   → 10 件のスタンドを保存 (累計: 2527)
2026-03-31 00:06:59 [INFO] ページ 48 を取得中: https://ev.gogo.gs/search?ac=28&page=48
2026-03-31 00:07:08 [INFO]   → 10 件のスタンドを保存 (累計: 2537)
2026-03-31 00:07:08 [INFO] ページ 49 を取得中: https://ev.gogo.gs/search?ac=28&page=49
2026-03-31 00:07:16 [INFO]   → 10 件のスタンドを保存 (累計: 2547)
2026-03-31 00:07:16 [INFO] ページ 50 を取得中: https://ev.gogo.gs/search?ac=28&page=50
2026-03-31 00:07:24 [INFO]   → 10 件のスタンドを保存 (累計: 2557)
2026-03-31 00:07:24 [INFO] ページ 51 を取得中: https://ev.gogo.gs/search?ac=28&page=51
2026-03-31 00:07:32 [INFO]   → 10 件のスタンドを保存 (累計: 2567)
2026-03-31 00:07:32 [INFO] ページ 52 を取得中: https://ev.gogo.gs/search?ac=28&page=52
2026-03-31 00:07:41 [INFO]   → 10 件のスタンドを保存 (累計: 2577)
2026-03-31 00:07:41 [INFO] ページ 53 を取得中: https://ev.gogo.gs/search?ac=28&page=53
2026-03-31 00:07:49 [INFO]   → 10 件のスタンドを保存 (累計: 2587)
2026-03-31 00:07:49 [INFO] ページ 54 を取得中: https://ev.gogo.gs/search?ac=28&page=54
2026-03-31 00:07:57 [INFO]   → 10 件のスタンドを保存 (累計: 2597)
2026-03-31 00:07:57 [INFO] ページ 55 を取得中: https://ev.gogo.gs/search?ac=28&page=55
2026-03-31 00:08:05 [INFO]   → 10 件のスタンドを保存 (累計: 2607)
2026-03-31 00:08:05 [INFO] ページ 56 を取得中: https://ev.gogo.gs/search?ac=28&page=56
2026-03-31 00:08:14 [INFO]   → 10 件のスタンドを保存 (累計: 2617)
2026-03-31 00:08:14 [INFO] ページ 57 を取得中: https://ev.gogo.gs/search?ac=28&page=57
2026-03-31 00:08:22 [INFO]   → 10 件のスタンドを保存 (累計: 2627)
2026-03-31 00:08:22 [INFO] ページ 58 を取得中: https://ev.gogo.gs/search?ac=28&page=58
2026-03-31 00:08:30 [INFO]   → 10 件のスタンドを保存 (累計: 2637)
2026-03-31 00:08:30 [INFO] ページ 59 を取得中: https://ev.gogo.gs/search?ac=28&page=59
2026-03-31 00:08:39 [INFO]   → 10 件のスタンドを保存 (累計: 2647)
2026-03-31 00:08:39 [INFO] ページ 60 を取得中: https://ev.gogo.gs/search?ac=28&page=60
2026-03-31 00:08:47 [INFO]   → 10 件のスタンドを保存 (累計: 2657)
2026-03-31 00:08:47 [INFO] ページ 61 を取得中: https://ev.gogo.gs/search?ac=28&page=61
2026-03-31 00:08:55 [INFO]   → 10 件のスタンドを保存 (累計: 2667)
2026-03-31 00:08:55 [INFO] ページ 62 を取得中: https://ev.gogo.gs/search?ac=28&page=62
2026-03-31 00:09:04 [INFO]   → 10 件のスタンドを保存 (累計: 2677)
2026-03-31 00:09:04 [INFO] ページ 63 を取得中: https://ev.gogo.gs/search?ac=28&page=63
2026-03-31 00:09:12 [INFO]   → 10 件のスタンドを保存 (累計: 2687)
2026-03-31 00:09:12 [INFO] ページ 64 を取得中: https://ev.gogo.gs/search?ac=28&page=64
2026-03-31 00:09:20 [INFO]   → 10 件のスタンドを保存 (累計: 2697)
2026-03-31 00:09:20 [INFO] ページ 65 を取得中: https://ev.gogo.gs/search?ac=28&page=65
2026-03-31 00:09:29 [INFO]   → 10 件のスタンドを保存 (累計: 2707)
2026-03-31 00:09:29 [INFO] ページ 66 を取得中: https://ev.gogo.gs/search?ac=28&page=66
2026-03-31 00:09:37 [INFO]   → 10 件のスタンドを保存 (累計: 2717)
2026-03-31 00:09:37 [INFO] ページ 67 を取得中: https://ev.gogo.gs/search?ac=28&page=67
2026-03-31 00:09:45 [INFO]   → 10 件のスタンドを保存 (累計: 2727)
2026-03-31 00:09:45 [INFO] ページ 68 を取得中: https://ev.gogo.gs/search?ac=28&page=68
2026-03-31 00:09:53 [INFO]   → 10 件のスタンドを保存 (累計: 2737)
2026-03-31 00:09:53 [INFO] ページ 69 を取得中: https://ev.gogo.gs/search?ac=28&page=69
2026-03-31 00:10:02 [INFO]   → 10 件のスタンドを保存 (累計: 2747)
2026-03-31 00:10:02 [INFO] ページ 70 を取得中: https://ev.gogo.gs/search?ac=28&page=70
2026-03-31 00:10:10 [INFO]   → 10 件のスタンドを保存 (累計: 2757)
2026-03-31 00:10:10 [INFO] ページ 71 を取得中: https://ev.gogo.gs/search?ac=28&page=71
2026-03-31 00:10:18 [INFO]   → 10 件のスタンドを保存 (累計: 2767)
2026-03-31 00:10:18 [INFO] ページ 72 を取得中: https://ev.gogo.gs/search?ac=28&page=72
2026-03-31 00:10:27 [INFO]   → 10 件のスタンドを保存 (累計: 2777)
2026-03-31 00:10:27 [INFO] ページ 73 を取得中: https://ev.gogo.gs/search?ac=28&page=73
2026-03-31 00:10:35 [INFO]   → 10 件のスタンドを保存 (累計: 2787)
2026-03-31 00:10:35 [INFO] ページ 74 を取得中: https://ev.gogo.gs/search?ac=28&page=74
2026-03-31 00:10:51 [ERROR] 都道府県 28 でエラー: database is locked
2026-03-31 00:10:51 [INFO] === 奈良県 (29) のスクレイピング開始 ===
2026-03-31 00:10:51 [INFO] ページ 1 を取得中: https://ev.gogo.gs/search?ac=29&page=1
2026-03-31 00:10:57 [INFO] 総ページ数: 29
2026-03-31 00:11:07 [ERROR] 都道府県 29 でエラー: database is locked
2026-03-31 00:11:07 [INFO] === 和歌山県 (30) のスクレイピング開始 ===
2026-03-31 00:11:07 [INFO] 前回の続き: ページ 2 から再開
2026-03-31 00:11:07 [INFO] ページ 2 を取得中: https://ev.gogo.gs/search?ac=30&page=2
2026-03-31 00:11:13 [INFO] 総ページ数: 29
2026-03-31 00:11:13 [INFO]   → 10 件のスタンドを保存 (累計: 2797)
2026-03-31 00:11:13 [INFO] ページ 3 を取得中: https://ev.gogo.gs/search?ac=30&page=3
2026-03-31 00:11:29 [INFO]   → 10 件のスタンドを保存 (累計: 2807)
2026-03-31 00:11:29 [INFO] ページ 4 を取得中: https://ev.gogo.gs/search?ac=30&page=4
2026-03-31 00:11:41 [INFO]   → 10 件のスタンドを保存 (累計: 2817)
2026-03-31 00:11:41 [INFO] ページ 5 を取得中: https://ev.gogo.gs/search?ac=30&page=5
2026-03-31 00:11:50 [INFO]   → 10 件のスタンドを保存 (累計: 2827)
2026-03-31 00:11:50 [INFO] ページ 6 を取得中: https://ev.gogo.gs/search?ac=30&page=6
2026-03-31 00:11:58 [INFO]   → 10 件のスタンドを保存 (累計: 2837)
2026-03-31 00:11:58 [INFO] ページ 7 を取得中: https://ev.gogo.gs/search?ac=30&page=7
2026-03-31 00:12:07 [INFO]   → 10 件のスタンドを保存 (累計: 2847)
2026-03-31 00:12:07 [INFO] ページ 8 を取得中: https://ev.gogo.gs/search?ac=30&page=8
2026-03-31 00:12:15 [INFO]   → 10 件のスタンドを保存 (累計: 2857)
2026-03-31 00:12:15 [INFO] ページ 9 を取得中: https://ev.gogo.gs/search?ac=30&page=9
2026-03-31 00:12:24 [INFO]   → 10 件のスタンドを保存 (累計: 2867)
2026-03-31 00:12:24 [INFO] ページ 10 を取得中: https://ev.gogo.gs/search?ac=30&page=10
2026-03-31 00:12:32 [INFO]   → 10 件のスタンドを保存 (累計: 2877)
2026-03-31 00:12:32 [INFO] ページ 11 を取得中: https://ev.gogo.gs/search?ac=30&page=11
2026-03-31 00:12:44 [INFO]   → 10 件のスタンドを保存 (累計: 2887)
2026-03-31 00:12:44 [INFO] ページ 12 を取得中: https://ev.gogo.gs/search?ac=30&page=12
2026-03-31 00:12:53 [INFO]   → 10 件のスタンドを保存 (累計: 2897)
2026-03-31 00:12:53 [INFO] ページ 13 を取得中: https://ev.gogo.gs/search?ac=30&page=13
2026-03-31 00:13:03 [INFO]   → 10 件のスタンドを保存 (累計: 2907)
2026-03-31 00:13:03 [INFO] ページ 14 を取得中: https://ev.gogo.gs/search?ac=30&page=14
2026-03-31 00:13:12 [INFO]   → 10 件のスタンドを保存 (累計: 2917)
2026-03-31 00:13:12 [INFO] ページ 15 を取得中: https://ev.gogo.gs/search?ac=30&page=15
2026-03-31 00:13:22 [INFO]   → 10 件のスタンドを保存 (累計: 2927)
2026-03-31 00:13:22 [INFO] ページ 16 を取得中: https://ev.gogo.gs/search?ac=30&page=16
2026-03-31 00:13:31 [INFO]   → 10 件のスタンドを保存 (累計: 2937)
2026-03-31 00:13:31 [INFO] ページ 17 を取得中: https://ev.gogo.gs/search?ac=30&page=17
2026-03-31 00:13:40 [INFO]   → 10 件のスタンドを保存 (累計: 2947)
2026-03-31 00:13:40 [INFO] ページ 18 を取得中: https://ev.gogo.gs/search?ac=30&page=18
2026-03-31 00:13:49 [INFO]   → 10 件のスタンドを保存 (累計: 2957)
2026-03-31 00:13:49 [INFO] ページ 19 を取得中: https://ev.gogo.gs/search?ac=30&page=19
2026-03-31 00:13:58 [INFO]   → 10 件のスタンドを保存 (累計: 2967)
2026-03-31 00:13:58 [INFO] ページ 20 を取得中: https://ev.gogo.gs/search?ac=30&page=20
2026-03-31 00:14:07 [INFO]   → 10 件のスタンドを保存 (累計: 2977)
2026-03-31 00:14:07 [INFO] ページ 21 を取得中: https://ev.gogo.gs/search?ac=30&page=21
2026-03-31 00:14:15 [INFO]   → 10 件のスタンドを保存 (累計: 2987)
2026-03-31 00:14:15 [INFO] ページ 22 を取得中: https://ev.gogo.gs/search?ac=30&page=22
2026-03-31 00:14:24 [INFO]   → 10 件のスタンドを保存 (累計: 2997)
2026-03-31 00:14:24 [INFO] ページ 23 を取得中: https://ev.gogo.gs/search?ac=30&page=23
2026-03-31 00:14:34 [INFO]   → 10 件のスタンドを保存 (累計: 3007)
2026-03-31 00:14:34 [INFO] ページ 24 を取得中: https://ev.gogo.gs/search?ac=30&page=24
2026-03-31 00:14:43 [INFO]   → 10 件のスタンドを保存 (累計: 3017)
2026-03-31 00:14:43 [INFO] ページ 25 を取得中: https://ev.gogo.gs/search?ac=30&page=25
2026-03-31 00:14:54 [INFO]   → 10 件のスタンドを保存 (累計: 3027)
2026-03-31 00:14:54 [INFO] ページ 26 を取得中: https://ev.gogo.gs/search?ac=30&page=26
2026-03-31 00:15:04 [INFO]   → 10 件のスタンドを保存 (累計: 3037)
2026-03-31 00:15:04 [INFO] ページ 27 を取得中: https://ev.gogo.gs/search?ac=30&page=27
2026-03-31 00:15:12 [INFO]   → 10 件のスタンドを保存 (累計: 3047)
2026-03-31 00:15:12 [INFO] ページ 28 を取得中: https://ev.gogo.gs/search?ac=30&page=28
2026-03-31 00:15:21 [INFO]   → 10 件のスタンドを保存 (累計: 3057)
2026-03-31 00:15:21 [INFO] ページ 29 を取得中: https://ev.gogo.gs/search?ac=30&page=29
2026-03-31 00:15:30 [INFO]   → 5 件のスタンドを保存 (累計: 3062)
2026-03-31 00:15:30 [INFO] === 詳細ページの取得開始 ===
2026-03-31 00:15:30 [INFO] 詳細未取得のスタンド: 285 件
2026-03-31 00:15:30 [INFO]   [1/285] 詳細取得中: 1txleeo2
2026-03-31 00:15:39 [INFO]   [2/285] 詳細取得中: 1wd7qj39
2026-03-31 00:15:47 [INFO]   [3/285] 詳細取得中: 1t7qop1e
2026-03-31 00:15:56 [INFO]   [4/285] 詳細取得中: 1x0mfurj
2026-03-31 00:16:08 [INFO]   [5/285] 詳細取得中: 1tb6cods
2026-03-31 00:16:18 [INFO]   [6/285] 詳細取得中: 27ut1gnn
2026-03-31 00:16:27 [INFO]   [7/285] 詳細取得中: 1tb6dbmb
2026-03-31 00:16:36 [INFO]   [8/285] 詳細取得中: 1qctcltr
2026-03-31 00:16:44 [INFO]   [9/285] 詳細取得中: 12876
2026-03-31 00:16:54 [INFO]   [10/285] 詳細取得中: 298ujsc8
2026-03-31 00:17:02 [INFO]   進捗: 10/285 (3%)
2026-03-31 00:17:02 [INFO]   [11/285] 詳細取得中: 1v567csd
2026-03-31 00:17:10 [INFO]   [12/285] 詳細取得中: 1txlap9u
2026-03-31 00:17:19 [INFO]   [13/285] 詳細取得中: 1t9e9iu5
2026-03-31 00:17:27 [INFO]   [14/285] 詳細取得中: 14598
2026-03-31 00:17:36 [INFO]   [15/285] 詳細取得中: 14597
2026-03-31 00:17:45 [INFO]   [16/285] 詳細取得中: 1txl8a5r
2026-03-31 00:17:55 [INFO]   [17/285] 詳細取得中: 1t9eb40y
2026-03-31 00:18:04 [INFO]   [18/285] 詳細取得中: 1txlc8kx
2026-03-31 00:18:13 [INFO]   [19/285] 詳細取得中: 14090
2026-03-31 00:18:22 [INFO]   [20/285] 詳細取得中: 1u7iy05i
2026-03-31 00:18:30 [INFO]   進捗: 20/285 (7%)
2026-03-31 00:18:30 [INFO]   [21/285] 詳細取得中: 1txlbglt
2026-03-31 00:18:39 [INFO]   [22/285] 詳細取得中: 28wokqgt
2026-03-31 00:18:49 [INFO]   [23/285] 詳細取得中: 28x6lg17
2026-03-31 00:18:59 [INFO]   [24/285] 詳細取得中: 28x6lgvg
2026-03-31 00:19:08 [INFO]   [25/285] 詳細取得中: 28yeducj
2026-03-31 00:19:18 [INFO]   [26/285] 詳細取得中: 28yedukt
2026-03-31 00:19:27 [INFO]   [27/285] 詳細取得中: 28yeduum
2026-03-31 00:19:37 [INFO]   [28/285] 詳細取得中: 28yedzpj
2026-03-31 00:19:46 [INFO]   [29/285] 詳細取得中: 24x4m9kp
2026-03-31 00:19:55 [INFO]   [30/285] 詳細取得中: 1r75dfyh
2026-03-31 00:20:05 [INFO]   進捗: 30/285 (10%)
2026-03-31 00:20:05 [INFO]   [31/285] 詳細取得中: 1r75f7se
2026-03-31 00:20:13 [INFO]   [32/285] 詳細取得中: 1r75fqso
2026-03-31 00:20:22 [INFO]   [33/285] 詳細取得中: 27ip7dan
2026-03-31 00:20:31 [INFO]   [34/285] 詳細取得中: 27jpoy2l
2026-03-31 00:20:42 [INFO]   [35/285] 詳細取得中: 27lp36e3
2026-03-31 00:20:52 [INFO]   [36/285] 詳細取得中: 27mggx0x
2026-03-31 00:21:02 [INFO]   [37/285] 詳細取得中: 27pq651p
2026-03-31 00:21:10 [INFO]   [38/285] 詳細取得中: 27pq6582
2026-03-31 00:21:20 [INFO]   [39/285] 詳細取得中: 27pq65ds
2026-03-31 00:21:29 [INFO]   [40/285] 詳細取得中: 27pq65id
2026-03-31 00:21:40 [INFO]   進捗: 40/285 (14%)
2026-03-31 00:21:40 [INFO]   [41/285] 詳細取得中: 27pq65mj
2026-03-31 00:21:50 [INFO]   [42/285] 詳細取得中: 27pq65rd
2026-03-31 00:21:59 [INFO]   [43/285] 詳細取得中: 27pq65ym
2026-03-31 00:22:09 [INFO]   [44/285] 詳細取得中: 27pq664i
2026-03-31 00:22:19 [INFO]   [45/285] 詳細取得中: 27pq66wu
2026-03-31 00:22:28 [INFO]   [46/285] 詳細取得中: 27pqe773
2026-03-31 00:22:37 [INFO]   [47/285] 詳細取得中: 27pqe7cm
2026-03-31 00:22:46 [INFO]   [48/285] 詳細取得中: 27pqe7hg
2026-03-31 00:22:55 [INFO]   [49/285] 詳細取得中: 27sfuhjr
2026-03-31 00:23:05 [INFO]   [50/285] 詳細取得中: 27toon9r
2026-03-31 00:23:15 [INFO]   進捗: 50/285 (17%)
2026-03-31 00:23:15 [INFO]   [51/285] 詳細取得中: 28oocmh0
2026-03-31 00:23:24 [INFO]   [52/285] 詳細取得中: 28poa6oj
2026-03-31 00:23:33 [INFO]   [53/285] 詳細取得中: 28poaotn
2026-03-31 00:23:47 [INFO]   [54/285] 詳細取得中: 28qom5bl
2026-03-31 00:23:55 [INFO]   [55/285] 詳細取得中: 28qom5gd
2026-03-31 00:24:05 [INFO]   [56/285] 詳細取得中: 28qom5lo
2026-03-31 00:24:13 [INFO]   [57/285] 詳細取得中: 28rokvxz
2026-03-31 00:24:23 [INFO]   [58/285] 詳細取得中: 28spultj
2026-03-31 00:24:32 [INFO]   [59/285] 詳細取得中: 28toszev
2026-03-31 00:24:40 [INFO]   [60/285] 詳細取得中: 28toszk6
2026-03-31 00:24:49 [INFO]   進捗: 60/285 (21%)
2026-03-31 00:24:49 [INFO]   [61/285] 詳細取得中: 28uos7cn
2026-03-31 00:24:59 [INFO]   [62/285] 詳細取得中: 28wpt66d
2026-03-31 00:25:08 [INFO]   [63/285] 詳細取得中: 28xpq2af
2026-03-31 00:25:18 [INFO]   [64/285] 詳細取得中: 28yp0t9p
2026-03-31 00:25:28 [INFO]   [65/285] 詳細取得中: 290pfsiu
2026-03-31 00:25:36 [INFO]   [66/285] 詳細取得中: 290pfsyc
2026-03-31 00:25:49 [INFO]   [67/285] 詳細取得中: 290pft3a
