2026-03-30 21:54:24 [INFO] === 茨城県 (8) のスクレイピング開始 ===
2026-03-30 21:54:24 [INFO] 前回の続き: ページ 78 から再開
2026-03-30 21:54:24 [INFO] ページ 78 を取得中: https://ev.gogo.gs/search?ac=8&page=78
2026-03-30 21:54:27 [INFO] 総ページ数: 77
2026-03-30 21:54:27 [WARNING] ページ 78 にスタンドが見つかりません。
2026-03-30 21:54:27 [ERROR] 茨城県 のデータが取得できません。レートリミットの可能性があります。1分待機して中断します。
2026-03-30 21:55:27 [INFO] === 栃木県 (9) のスクレイピング開始 ===
2026-03-30 21:55:27 [INFO] ページ 1 を取得中: https://ev.gogo.gs/search?ac=9&page=1
2026-03-30 21:55:29 [INFO] 総ページ数: 77
2026-03-30 21:55:32 [INFO]   → 10 件のスタンドを保存 (累計: 10)
2026-03-30 21:55:32 [INFO] ページ 2 を取得中: https://ev.gogo.gs/search?ac=9&page=2
2026-03-30 21:55:40 [ERROR] 都道府県 9 でエラー: database is locked
2026-03-30 21:55:40 [INFO] === 大阪府 (27) のスクレイピング開始 ===
2026-03-30 21:55:40 [INFO] 前回の続き: ページ 2 から再開
2026-03-30 21:55:40 [INFO] ページ 2 を取得中: https://ev.gogo.gs/search?ac=27&page=2
2026-03-30 21:55:44 [INFO] 総ページ数: 133
2026-03-30 21:55:49 [ERROR] 都道府県 27 でエラー: database is locked
2026-03-30 21:55:49 [INFO] === 兵庫県 (28) のスクレイピング開始 ===
2026-03-30 21:55:49 [INFO] 前回の続き: ページ 2 から再開
2026-03-30 21:55:49 [INFO] ページ 2 を取得中: https://ev.gogo.gs/search?ac=28&page=2
2026-03-30 21:55:51 [INFO] 総ページ数: 100
2026-03-30 21:55:56 [ERROR] 都道府県 28 でエラー: database is locked
2026-03-30 21:55:56 [INFO] === 奈良県 (29) のスクレイピング開始 ===
2026-03-30 21:55:56 [INFO] ページ 1 を取得中: https://ev.gogo.gs/search?ac=29&page=1
2026-03-30 21:56:00 [INFO] 総ページ数: 29
2026-03-30 21:56:05 [ERROR] 都道府県 29 でエラー: database is locked
2026-03-30 21:56:05 [INFO] === 和歌山県 (30) のスクレイピング開始 ===
2026-03-30 21:56:05 [INFO] ページ 1 を取得中: https://ev.gogo.gs/search?ac=30&page=1
2026-03-30 21:56:07 [INFO] 総ページ数: 29
2026-03-30 21:56:07 [INFO]   → 10 件のスタンドを保存 (累計: 20)
2026-03-30 21:56:07 [INFO] ページ 2 を取得中: https://ev.gogo.gs/search?ac=30&page=2
2026-03-30 21:56:16 [ERROR] 都道府県 30 でエラー: database is locked
2026-03-30 21:56:16 [INFO] === 鳥取県 (31) のスクレイピング開始 ===
2026-03-30 21:56:16 [INFO] 前回の続き: ページ 2 から再開
2026-03-30 21:56:16 [INFO] ページ 2 を取得中: https://ev.gogo.gs/search?ac=31&page=2
2026-03-30 21:56:19 [INFO] 総ページ数: 20
2026-03-30 21:56:24 [ERROR] 都道府県 31 でエラー: database is locked
2026-03-30 21:56:24 [INFO] === 島根県 (32) のスクレイピング開始 ===
2026-03-30 21:56:24 [INFO] ページ 1 を取得中: https://ev.gogo.gs/search?ac=32&page=1
2026-03-30 21:56:27 [INFO] 総ページ数: 27
2026-03-30 21:56:32 [ERROR] 都道府県 32 でエラー: database is locked
2026-03-30 21:56:32 [INFO] === 岡山県 (33) のスクレイピング開始 ===
2026-03-30 21:56:32 [INFO] ページ 1 を取得中: https://ev.gogo.gs/search?ac=33&page=1
2026-03-30 21:56:34 [INFO] 総ページ数: 47
2026-03-30 21:56:34 [INFO]   → 10 件のスタンドを保存 (累計: 30)
2026-03-30 21:56:34 [INFO] ページ 2 を取得中: https://ev.gogo.gs/search?ac=33&page=2
2026-03-30 21:56:42 [ERROR] 都道府県 33 でエラー: database is locked
2026-03-30 21:56:42 [INFO] === 広島県 (34) のスクレイピング開始 ===
2026-03-30 21:56:42 [INFO] ページ 1 を取得中: https://ev.gogo.gs/search?ac=34&page=1
2026-03-30 21:56:44 [INFO] 総ページ数: 50
2026-03-30 21:56:49 [ERROR] 都道府県 34 でエラー: database is locked
2026-03-30 21:56:49 [INFO] === 山口県 (35) のスクレイピング開始 ===
2026-03-30 21:56:49 [INFO] 前回の続き: ページ 3 から再開
2026-03-30 21:56:49 [INFO] ページ 3 を取得中: https://ev.gogo.gs/search?ac=35&page=3
2026-03-30 21:56:52 [INFO] 総ページ数: 44
2026-03-30 21:56:57 [ERROR] 都道府県 35 でエラー: database is locked
2026-03-30 21:56:57 [INFO] === 徳島県 (36) のスクレイピング開始 ===
2026-03-30 21:56:57 [INFO] ページ 1 を取得中: https://ev.gogo.gs/search?ac=36&page=1
2026-03-30 21:56:59 [INFO] 総ページ数: 20
2026-03-30 21:57:00 [INFO]   → 10 件のスタンドを保存 (累計: 40)
2026-03-30 21:57:00 [INFO] ページ 2 を取得中: https://ev.gogo.gs/search?ac=36&page=2
2026-03-30 21:57:08 [ERROR] 都道府県 36 でエラー: database is locked
2026-03-30 21:57:08 [INFO] === 香川県 (37) のスクレイピング開始 ===
2026-03-30 21:57:08 [INFO] 前回の続き: ページ 2 から再開
2026-03-30 21:57:08 [INFO] ページ 2 を取得中: https://ev.gogo.gs/search?ac=37&page=2
2026-03-30 21:57:11 [INFO] 総ページ数: 32
2026-03-30 21:57:16 [ERROR] 都道府県 37 でエラー: database is locked
2026-03-30 21:57:16 [INFO] === 愛媛県 (38) のスクレイピング開始 ===
2026-03-30 21:57:16 [INFO] ページ 1 を取得中: https://ev.gogo.gs/search?ac=38&page=1
2026-03-30 21:57:20 [INFO] 総ページ数: 32
2026-03-30 21:57:25 [ERROR] 都道府県 38 でエラー: database is locked
2026-03-30 21:57:25 [INFO] === 高知県 (39) のスクレイピング開始 ===
2026-03-30 21:57:25 [INFO] ページ 1 を取得中: https://ev.gogo.gs/search?ac=39&page=1
2026-03-30 21:57:27 [INFO] 総ページ数: 19
2026-03-30 21:57:32 [ERROR] 都道府県 39 でエラー: database is locked
2026-03-30 21:57:32 [INFO] === 福岡県 (40) のスクレイピング開始 ===
2026-03-30 21:57:32 [INFO] ページ 1 を取得中: https://ev.gogo.gs/search?ac=40&page=1
2026-03-30 21:57:36 [INFO] 総ページ数: 91
2026-03-30 21:57:41 [ERROR] 都道府県 40 でエラー: database is locked
2026-03-30 21:57:41 [INFO] === 佐賀県 (41) のスクレイピング開始 ===
2026-03-30 21:57:41 [INFO] 前回の続き: ページ 2 から再開
2026-03-30 21:57:41 [INFO] ページ 2 を取得中: https://ev.gogo.gs/search?ac=41&page=2
2026-03-30 21:57:46 [INFO] 総ページ数: 27
2026-03-30 21:57:51 [ERROR] 都道府県 41 でエラー: database is locked
2026-03-30 21:57:51 [INFO] === 長崎県 (42) のスクレイピング開始 ===
2026-03-30 21:57:51 [INFO] ページ 1 を取得中: https://ev.gogo.gs/search?ac=42&page=1
2026-03-30 21:57:53 [INFO] 総ページ数: 33
2026-03-30 21:57:58 [ERROR] 都道府県 42 でエラー: database is locked
2026-03-30 21:57:58 [INFO] === 熊本県 (43) のスクレイピング開始 ===
2026-03-30 21:57:58 [INFO] ページ 1 を取得中: https://ev.gogo.gs/search?ac=43&page=1
2026-03-30 21:58:02 [INFO] 総ページ数: 49
2026-03-30 21:58:07 [ERROR] 都道府県 43 でエラー: database is locked
2026-03-30 21:58:07 [INFO] === 大分県 (44) のスクレイピング開始 ===
2026-03-30 21:58:07 [INFO] ページ 1 を取得中: https://ev.gogo.gs/search?ac=44&page=1
2026-03-30 21:58:10 [INFO] 総ページ数: 36
2026-03-30 21:58:10 [INFO]   → 10 件のスタンドを保存 (累計: 50)
2026-03-30 21:58:10 [INFO] ページ 2 を取得中: https://ev.gogo.gs/search?ac=44&page=2
2026-03-30 21:58:19 [INFO]   → 10 件のスタンドを保存 (累計: 60)
2026-03-30 21:58:19 [INFO] ページ 3 を取得中: https://ev.gogo.gs/search?ac=44&page=3
2026-03-30 21:58:26 [ERROR] 都道府県 44 でエラー: database is locked
2026-03-30 21:58:26 [INFO] === 宮崎県 (45) のスクレイピング開始 ===
2026-03-30 21:58:26 [INFO] ページ 1 を取得中: https://ev.gogo.gs/search?ac=45&page=1
2026-03-30 21:58:30 [INFO] 総ページ数: 33
2026-03-30 21:58:35 [ERROR] 都道府県 45 でエラー: database is locked
2026-03-30 21:58:35 [INFO] === 鹿児島県 (46) のスクレイピング開始 ===
2026-03-30 21:58:35 [INFO] ページ 1 を取得中: https://ev.gogo.gs/search?ac=46&page=1
2026-03-30 21:58:39 [INFO] 総ページ数: 39
2026-03-30 21:58:44 [INFO]   → 10 件のスタンドを保存 (累計: 70)
2026-03-30 21:58:44 [INFO] ページ 2 を取得中: https://ev.gogo.gs/search?ac=46&page=2
2026-03-30 21:58:51 [ERROR] 都道府県 46 でエラー: database is locked
2026-03-30 21:58:51 [INFO] === 沖縄県 (47) のスクレイピング開始 ===
2026-03-30 21:58:51 [INFO] ページ 1 を取得中: https://ev.gogo.gs/search?ac=47&page=1
2026-03-30 21:58:54 [INFO] 総ページ数: 25
2026-03-30 21:58:59 [ERROR] 都道府県 47 でエラー: database is locked
